#
# There is insufficient memory for the Java Runtime Environment to continue.
# Native memory allocation (malloc) failed to allocate 31574016 bytes for jbyte in C:\BUILD_AREA\jdk6_30\hotspot\src\share\vm\prims\jni.cpp
# Possible reasons:
#   The system is out of physical RAM or swap space
#   In 32 bit mode, the process size limit was hit
# Possible solutions:
#   Reduce memory load on the system
#   Increase physical memory or swap space
#   Check if swap backing store is full
#   Use 64 bit Java on a 64 bit OS
#   Decrease Java heap size (-Xmx/-Xms)
#   Decrease number of Java threads
#   Decrease Java thread stack sizes (-Xss)
#   Set larger code cache with -XX:ReservedCodeCacheSize=
# This output file may be truncated or incomplete.
#
#  Out of Memory Error (memory/allocation.inline.hpp:44), pid=5996, tid=3500
#
# JRE version: 6.0_30-b12
# Java VM: Java HotSpot(TM) 64-Bit Server VM (20.5-b03 mixed mode windows-amd64 compressed oops)

---------------  T H R E A D  ---------------

Current thread (0x00000000074c2800):  JavaThread "Direct Clip" daemon [_thread_in_vm, id=3500, stack(0x0000000009a20000,0x0000000009b20000)]

Stack: [0x0000000009a20000,0x0000000009b20000]
Java frames: (J=compiled Java code, j=interpreted, Vv=VM code)
j  com.sun.media.sound.DirectAudioDevice.nWrite(J[BIIIFF)I+0
j  com.sun.media.sound.DirectAudioDevice.access$1800(J[BIIIFF)I+11
j  com.sun.media.sound.DirectAudioDevice$DirectDL.write([BII)I+198
j  com.sun.media.sound.DirectAudioDevice$DirectClip.run()V+163
j  java.lang.Thread.run()V+11
v  ~StubRoutines::call_stub

---------------  P R O C E S S  ---------------

Java Threads: ( => current thread )
  0x000000033377f800 JavaThread "Thread-187652" [_thread_new, id=56336, stack(0x0000000000000000,0x0000000000000000)]
  0x0000000333872000 JavaThread "Thread-187651" [_thread_new, id=56348, stack(0x0000000000000000,0x0000000000000000)]
  0x000000033386e800 JavaThread "Thread-187649" [_thread_blocked, id=54956, stack(0x00000003796c0000,0x00000003797c0000)]
  0x0000000333965000 JavaThread "Thread-187648" [_thread_blocked, id=56180, stack(0x00000003795c0000,0x00000003796c0000)]
  0x000000033395d800 JavaThread "Thread-187646" [_thread_blocked, id=57336, stack(0x0000000377590000,0x0000000377690000)]
  0x0000000333960800 JavaThread "Thread-187645" [_thread_blocked, id=57332, stack(0x0000000377490000,0x0000000377590000)]
  0x000000033395d000 JavaThread "Thread-187644" [_thread_blocked, id=57328, stack(0x0000000377390000,0x0000000377490000)]
  0x000000033395f800 JavaThread "Thread-187643" [_thread_blocked, id=57324, stack(0x0000000377290000,0x0000000377390000)]
  0x000000033395f000 JavaThread "Thread-187642" [_thread_blocked, id=57320, stack(0x0000000377190000,0x0000000377290000)]
  0x000000033395e800 JavaThread "Thread-187641" [_thread_blocked, id=57316, stack(0x0000000377090000,0x0000000377190000)]
  0x0000000333958800 JavaThread "Thread-187640" [_thread_blocked, id=57312, stack(0x0000000376c90000,0x0000000376d90000)]
  0x0000000333959000 JavaThread "Thread-187639" [_thread_blocked, id=57308, stack(0x0000000376f90000,0x0000000377090000)]
  0x000000033395a800 JavaThread "Thread-187638" [_thread_blocked, id=57304, stack(0x0000000376e90000,0x0000000376f90000)]
  0x000000033395c000 JavaThread "Thread-187637" [_thread_blocked, id=57300, stack(0x0000000376d90000,0x0000000376e90000)]
  0x000000033395a000 JavaThread "Thread-187635" [_thread_blocked, id=57292, stack(0x0000000376b90000,0x0000000376c90000)]
  0x000000033395b800 JavaThread "Thread-187634" [_thread_blocked, id=57288, stack(0x0000000376a90000,0x0000000376b90000)]
  0x00000002bf50d000 JavaThread "Thread-187633" [_thread_blocked, id=57284, stack(0x0000000376990000,0x0000000376a90000)]
  0x00000002bf8aa000 JavaThread "Thread-187632" [_thread_blocked, id=57280, stack(0x0000000376590000,0x0000000376690000)]
  0x00000002bf8a9000 JavaThread "Thread-187631" [_thread_blocked, id=57276, stack(0x0000000376890000,0x0000000376990000)]
  0x00000002bf8a5800 JavaThread "Thread-187630" [_thread_blocked, id=57272, stack(0x0000000376790000,0x0000000376890000)]
  0x00000003334b1800 JavaThread "Thread-187629" [_thread_blocked, id=57268, stack(0x0000000376190000,0x0000000376290000)]
  0x000000033377b800 JavaThread "Thread-187626" [_thread_blocked, id=57256, stack(0x0000000376090000,0x0000000376190000)]
  0x000000033377d000 JavaThread "Thread-187625" [_thread_blocked, id=57252, stack(0x0000000375d90000,0x0000000375e90000)]
  0x000000033377d800 JavaThread "Thread-187624" [_thread_blocked, id=57248, stack(0x0000000375c90000,0x0000000375d90000)]
  0x0000000333777800 JavaThread "Thread-187623" [_thread_blocked, id=57244, stack(0x0000000375a90000,0x0000000375b90000)]
  0x0000000333870800 JavaThread "Thread-187622" [_thread_blocked, id=57240, stack(0x0000000375590000,0x0000000375690000)]
  0x000000033386a000 JavaThread "Thread-187621" [_thread_blocked, id=57236, stack(0x0000000375390000,0x0000000375490000)]
  0x000000033386b000 JavaThread "Thread-187620" [_thread_blocked, id=57232, stack(0x0000000374f90000,0x0000000375090000)]
  0x0000000333877000 JavaThread "Thread-187618" [_thread_blocked, id=57224, stack(0x0000000375190000,0x0000000375290000)]
  0x0000000333867000 JavaThread "Thread-187617" [_thread_blocked, id=57220, stack(0x0000000376690000,0x0000000376790000)]
  0x0000000333879000 JavaThread "Thread-187615" [_thread_blocked, id=57212, stack(0x0000000376490000,0x0000000376590000)]
  0x0000000333873800 JavaThread "Thread-187614" [_thread_blocked, id=57208, stack(0x0000000376390000,0x0000000376490000)]
  0x0000000333875000 JavaThread "Thread-187613" [_thread_blocked, id=57204, stack(0x0000000376290000,0x0000000376390000)]
  0x0000000333875800 JavaThread "Thread-187610" [_thread_blocked, id=57192, stack(0x0000000375f90000,0x0000000376090000)]
  0x0000000333871800 JavaThread "Thread-187609" [_thread_blocked, id=57188, stack(0x0000000375e90000,0x0000000375f90000)]
  0x000000033386d800 JavaThread "Thread-187606" [_thread_blocked, id=57176, stack(0x0000000375b90000,0x0000000375c90000)]
  0x000000033386d000 JavaThread "Thread-187604" [_thread_blocked, id=57168, stack(0x0000000375990000,0x0000000375a90000)]
  0x0000000333870000 JavaThread "Thread-187603" [_thread_blocked, id=57164, stack(0x0000000375890000,0x0000000375990000)]
  0x000000033386c000 JavaThread "Thread-187602" [_thread_blocked, id=57160, stack(0x0000000375790000,0x0000000375890000)]
  0x000000033386f000 JavaThread "Thread-187601" [_thread_blocked, id=57156, stack(0x0000000375690000,0x0000000375790000)]
  0x0000000333869800 JavaThread "Thread-187599" [_thread_blocked, id=57148, stack(0x0000000375490000,0x0000000375590000)]
  0x000000033386b800 JavaThread "Thread-187597" [_thread_blocked, id=57140, stack(0x0000000375290000,0x0000000375390000)]
  0x0000000333868000 JavaThread "Thread-187595" [_thread_blocked, id=57132, stack(0x0000000374e90000,0x0000000374f90000)]
  0x0000000333865800 JavaThread "Thread-187594" [_thread_blocked, id=57128, stack(0x0000000374b90000,0x0000000374c90000)]
  0x000000033377e000 JavaThread "Thread-187592" [_thread_blocked, id=57120, stack(0x0000000375090000,0x0000000375190000)]
  0x000000033377c000 JavaThread "Thread-187589" [_thread_blocked, id=57108, stack(0x0000000374d90000,0x0000000374e90000)]
  0x0000000333778800 JavaThread "Thread-187588" [_thread_blocked, id=57104, stack(0x0000000374c90000,0x0000000374d90000)]
  0x0000000333779000 JavaThread "Thread-187586" [_thread_blocked, id=57096, stack(0x0000000374890000,0x0000000374990000)]
  0x0000000333774000 JavaThread "Thread-187585" [_thread_blocked, id=57092, stack(0x0000000374790000,0x0000000374890000)]
  0x0000000333777000 JavaThread "Thread-187584" [_thread_blocked, id=57088, stack(0x0000000374690000,0x0000000374790000)]
  0x000000033377a000 JavaThread "Thread-187583" [_thread_blocked, id=57084, stack(0x0000000374a90000,0x0000000374b90000)]
  0x000000033377a800 JavaThread "Thread-187582" [_thread_blocked, id=57080, stack(0x0000000374990000,0x0000000374a90000)]
  0x0000000333776800 JavaThread "Thread-187578" [_thread_blocked, id=57064, stack(0x0000000374590000,0x0000000374690000)]
  0x0000000333775000 JavaThread "Thread-187577" [_thread_blocked, id=57060, stack(0x0000000374490000,0x0000000374590000)]
  0x0000000333773800 JavaThread "Thread-187576" [_thread_blocked, id=57056, stack(0x0000000374390000,0x0000000374490000)]
  0x0000000333775800 JavaThread "Thread-187575" [_thread_blocked, id=57052, stack(0x0000000374290000,0x0000000374390000)]
  0x0000000333772800 JavaThread "Thread-187574" [_thread_blocked, id=57048, stack(0x0000000374190000,0x0000000374290000)]
  0x0000000333770000 JavaThread "Thread-187573" [_thread_blocked, id=57044, stack(0x0000000374090000,0x0000000374190000)]
  0x000000033376f000 JavaThread "Thread-187572" [_thread_blocked, id=57040, stack(0x0000000373f90000,0x0000000374090000)]
  0x0000000333772000 JavaThread "Thread-187571" [_thread_blocked, id=57036, stack(0x0000000373e90000,0x0000000373f90000)]
  0x0000000333771000 JavaThread "Thread-187570" [_thread_blocked, id=57032, stack(0x0000000373d90000,0x0000000373e90000)]
  0x000000033376c000 JavaThread "Thread-187569" [_thread_blocked, id=57028, stack(0x0000000373c90000,0x0000000373d90000)]
  0x000000033376d800 JavaThread "Thread-187568" [_thread_blocked, id=57024, stack(0x0000000373990000,0x0000000373a90000)]
  0x000000033376e800 JavaThread "Thread-187567" [_thread_blocked, id=57020, stack(0x0000000373b90000,0x0000000373c90000)]
  0x0000000333770800 JavaThread "Thread-187566" [_thread_blocked, id=57016, stack(0x0000000373a90000,0x0000000373b90000)]
  0x000000033376a000 JavaThread "Thread-187565" [_thread_blocked, id=57012, stack(0x0000000373790000,0x0000000373890000)]
  0x000000033376d000 JavaThread "Thread-187563" [_thread_blocked, id=57004, stack(0x0000000373690000,0x0000000373790000)]
  0x00000003338ee000 JavaThread "Thread-187562" [_thread_blocked, id=57000, stack(0x0000000373890000,0x0000000373990000)]
  0x00000003338e8800 JavaThread "Thread-187559" [_thread_blocked, id=56988, stack(0x0000000373590000,0x0000000373690000)]
  0x00000003338eb000 JavaThread "Thread-187558" [_thread_blocked, id=56984, stack(0x0000000373490000,0x0000000373590000)]
  0x00000003338ea800 JavaThread "Thread-187557" [_thread_blocked, id=56980, stack(0x0000000373390000,0x0000000373490000)]
  0x00000003338e9800 JavaThread "Thread-187556" [_thread_blocked, id=56976, stack(0x0000000373290000,0x0000000373390000)]
  0x00000003338e9000 JavaThread "Thread-187555" [_thread_blocked, id=56972, stack(0x0000000373190000,0x0000000373290000)]
  0x0000000333715800 JavaThread "Thread-187554" [_thread_blocked, id=56968, stack(0x0000000373090000,0x0000000373190000)]
  0x0000000333706000 JavaThread "Thread-187553" [_thread_blocked, id=56964, stack(0x0000000372f90000,0x0000000373090000)]
  0x0000000333704800 JavaThread "Thread-187552" [_thread_blocked, id=56960, stack(0x0000000372c90000,0x0000000372d90000)]
  0x0000000333703800 JavaThread "Thread-187551" [_thread_blocked, id=56956, stack(0x0000000372990000,0x0000000372a90000)]
  0x0000000333702000 JavaThread "Thread-187550" [_thread_blocked, id=56952, stack(0x0000000372e90000,0x0000000372f90000)]
  0x0000000333705000 JavaThread "Thread-187548" [_thread_blocked, id=56944, stack(0x0000000372d90000,0x0000000372e90000)]
  0x00000003336fe800 JavaThread "Thread-187546" [_thread_blocked, id=56936, stack(0x0000000372790000,0x0000000372890000)]
  0x0000000333703000 JavaThread "Thread-187544" [_thread_blocked, id=56928, stack(0x0000000372b90000,0x0000000372c90000)]
  0x0000000333701800 JavaThread "Thread-187542" [_thread_blocked, id=56920, stack(0x0000000372a90000,0x0000000372b90000)]
  0x0000000333868800 JavaThread "Thread-187540" [_thread_blocked, id=56912, stack(0x0000000372890000,0x0000000372990000)]
  0x0000000333864800 JavaThread "Thread-187538" [_thread_blocked, id=56904, stack(0x0000000372690000,0x0000000372790000)]
  0x0000000333866800 JavaThread "Thread-187537" [_thread_blocked, id=56900, stack(0x0000000372590000,0x0000000372690000)]
  0x0000000333700000 JavaThread "Thread-187536" [_thread_blocked, id=56896, stack(0x0000000372490000,0x0000000372590000)]
  0x00000003336fe000 JavaThread "Thread-187535" [_thread_blocked, id=56892, stack(0x0000000371f90000,0x0000000372090000)]
  0x00000003336fc800 JavaThread "Thread-187534" [_thread_blocked, id=56888, stack(0x0000000372390000,0x0000000372490000)]
  0x00000003336ff800 JavaThread "Thread-187533" [_thread_blocked, id=56884, stack(0x0000000372290000,0x0000000372390000)]
  0x0000000333700800 JavaThread "Thread-187532" [_thread_blocked, id=56880, stack(0x0000000372190000,0x0000000372290000)]
  0x00000003336fb000 JavaThread "Thread-187531" [_thread_blocked, id=56876, stack(0x0000000372090000,0x0000000372190000)]
  0x00000003336fb800 JavaThread "Thread-187529" [_thread_blocked, id=56868, stack(0x0000000371e90000,0x0000000371f90000)]
  0x00000003336fd000 JavaThread "Thread-187528" [_thread_blocked, id=56864, stack(0x0000000371d90000,0x0000000371e90000)]
  0x00000003336f7800 JavaThread "Thread-187527" [_thread_blocked, id=56860, stack(0x0000000371c90000,0x0000000371d90000)]
  0x00000003336fa000 JavaThread "Thread-187526" [_thread_blocked, id=56856, stack(0x0000000371b90000,0x0000000371c90000)]
  0x00000003336f9000 JavaThread "Thread-187525" [_thread_blocked, id=56852, stack(0x0000000371a90000,0x0000000371b90000)]
  0x0000000333865000 JavaThread "Thread-187524" [_thread_blocked, id=56848, stack(0x0000000371990000,0x0000000371a90000)]
  0x000000033358a800 JavaThread "Thread-187523" [_thread_blocked, id=56844, stack(0x0000000371890000,0x0000000371990000)]
  0x0000000007bb9000 JavaThread "Thread-187522" [_thread_blocked, id=56840, stack(0x0000000371790000,0x0000000371890000)]
  0x00000003335fc800 JavaThread "Thread-187521" [_thread_blocked, id=56836, stack(0x0000000370f90000,0x0000000371090000)]
  0x00000003336f6800 JavaThread "Thread-187520" [_thread_blocked, id=56832, stack(0x0000000371690000,0x0000000371790000)]
  0x0000000333768800 JavaThread "Thread-187519" [_thread_blocked, id=56828, stack(0x0000000371590000,0x0000000371690000)]
  0x000000033376a800 JavaThread "Thread-187518" [_thread_blocked, id=56824, stack(0x0000000371390000,0x0000000371490000)]
  0x00000003334c6000 JavaThread "Thread-187516" [_thread_blocked, id=56816, stack(0x0000000371490000,0x0000000371590000)]
  0x00000003336f9800 JavaThread "Thread-187513" [_thread_blocked, id=56804, stack(0x0000000371290000,0x0000000371390000)]
  0x00000003336f8000 JavaThread "Thread-187512" [_thread_blocked, id=56800, stack(0x0000000371190000,0x0000000371290000)]
  0x00000003336f6000 JavaThread "Thread-187511" [_thread_blocked, id=56796, stack(0x0000000371090000,0x0000000371190000)]
  0x00000003336f2800 JavaThread "Thread-187509" [_thread_blocked, id=56788, stack(0x0000000370e90000,0x0000000370f90000)]
  0x00000003336f5000 JavaThread "Thread-187508" [_thread_blocked, id=56784, stack(0x0000000370d90000,0x0000000370e90000)]
  0x00000003336f1800 JavaThread "Thread-187507" [_thread_blocked, id=56780, stack(0x0000000370c90000,0x0000000370d90000)]
  0x00000003334c4800 JavaThread "Thread-187506" [_thread_blocked, id=56776, stack(0x0000000370b90000,0x0000000370c90000)]
  0x00000003334c5000 JavaThread "Thread-187505" [_thread_blocked, id=56772, stack(0x0000000370a90000,0x0000000370b90000)]
  0x00000003334c2800 JavaThread "Thread-187504" [_thread_blocked, id=56768, stack(0x0000000370890000,0x0000000370990000)]
  0x000000033376b800 JavaThread "Thread-187503" [_thread_blocked, id=56764, stack(0x0000000370790000,0x0000000370890000)]
  0x0000000333769800 JavaThread "Thread-187502" [_thread_blocked, id=56760, stack(0x0000000370990000,0x0000000370a90000)]
  0x0000000333765000 JavaThread "Thread-187501" [_thread_blocked, id=56756, stack(0x0000000370490000,0x0000000370590000)]
  0x000000033358c000 JavaThread "Thread-187498" [_thread_blocked, id=56744, stack(0x0000000370690000,0x0000000370790000)]
  0x0000000333588800 JavaThread "Thread-187497" [_thread_blocked, id=56740, stack(0x0000000370590000,0x0000000370690000)]
  0x0000000333584800 JavaThread "Thread-187495" [_thread_blocked, id=56732, stack(0x0000000370390000,0x0000000370490000)]
  0x0000000333584000 JavaThread "Thread-187494" [_thread_blocked, id=56728, stack(0x0000000370290000,0x0000000370390000)]
  0x0000000333587000 JavaThread "Thread-187493" [_thread_blocked, id=56724, stack(0x0000000370190000,0x0000000370290000)]
  0x00000003336f4800 JavaThread "Thread-187492" [_thread_blocked, id=56720, stack(0x0000000370090000,0x0000000370190000)]
  0x00000003336f1000 JavaThread "Thread-187491" [_thread_blocked, id=56716, stack(0x000000036ff90000,0x0000000370090000)]
  0x00000003336f3800 JavaThread "Thread-187490" [_thread_blocked, id=56712, stack(0x000000036f590000,0x000000036f690000)]
  0x00000003334c1000 JavaThread "Thread-187489" [_thread_blocked, id=56708, stack(0x000000036fe90000,0x000000036ff90000)]
  0x00000003334c3800 JavaThread "Thread-187488" [_thread_blocked, id=56704, stack(0x000000036f490000,0x000000036f590000)]
  0x00000003334c3000 JavaThread "Thread-187486" [_thread_blocked, id=56696, stack(0x000000036fd90000,0x000000036fe90000)]
  0x00000003334be800 JavaThread "Thread-187483" [_thread_blocked, id=56684, stack(0x000000036fc90000,0x000000036fd90000)]
  0x00000003334bf800 JavaThread "Thread-187482" [_thread_blocked, id=56680, stack(0x000000036fb90000,0x000000036fc90000)]
  0x00000003334c1800 JavaThread "Thread-187481" [_thread_blocked, id=56676, stack(0x000000036f990000,0x000000036fa90000)]
  0x00000003336f3000 JavaThread "Thread-187480" [_thread_blocked, id=56672, stack(0x000000036f690000,0x000000036f790000)]
  0x00000003336ee000 JavaThread "Thread-187477" [_thread_blocked, id=56660, stack(0x000000036fa90000,0x000000036fb90000)]
  0x00000003336ed000 JavaThread "Thread-187474" [_thread_blocked, id=56648, stack(0x000000036f890000,0x000000036f990000)]
  0x00000003336f0000 JavaThread "Thread-187473" [_thread_blocked, id=56644, stack(0x000000036f790000,0x000000036f890000)]
  0x0000000333583000 JavaThread "Thread-187469" [_thread_blocked, id=56628, stack(0x000000036f390000,0x000000036f490000)]
  0x0000000333586000 JavaThread "Thread-187468" [_thread_blocked, id=56624, stack(0x000000036f290000,0x000000036f390000)]
  0x000000033357f000 JavaThread "Thread-187467" [_thread_blocked, id=56620, stack(0x000000036f190000,0x000000036f290000)]
  0x0000000333582000 JavaThread "Thread-187466" [_thread_blocked, id=56616, stack(0x000000036f090000,0x000000036f190000)]
  0x0000000333581000 JavaThread "Thread-187465" [_thread_blocked, id=56612, stack(0x000000036ef90000,0x000000036f090000)]
  0x0000000333580800 JavaThread "Thread-187464" [_thread_blocked, id=56608, stack(0x000000036ee90000,0x000000036ef90000)]
  0x000000033357a800 JavaThread "Thread-187463" [_thread_blocked, id=56604, stack(0x000000036eb90000,0x000000036ec90000)]
  0x0000000333766800 JavaThread "Thread-187462" [_thread_blocked, id=56600, stack(0x000000036ed90000,0x000000036ee90000)]
  0x00000003334b9800 JavaThread "Thread-187461" [_thread_blocked, id=56596, stack(0x000000036ec90000,0x000000036ed90000)]
  0x00000003334bc800 JavaThread "Thread-187460" [_thread_blocked, id=56592, stack(0x000000036e890000,0x000000036e990000)]
  0x0000000333767000 JavaThread "Thread-187458" [_thread_blocked, id=56584, stack(0x000000036ea90000,0x000000036eb90000)]
  0x0000000333768000 JavaThread "Thread-187457" [_thread_blocked, id=56580, stack(0x000000036e490000,0x000000036e590000)]
  0x000000033357e000 JavaThread "Thread-187456" [_thread_blocked, id=56576, stack(0x000000036e990000,0x000000036ea90000)]
  0x0000000333578800 JavaThread "Thread-187453" [_thread_blocked, id=56564, stack(0x000000036e790000,0x000000036e890000)]
  0x000000033357c000 JavaThread "Thread-187452" [_thread_blocked, id=56560, stack(0x000000036e690000,0x000000036e790000)]
  0x0000000333577000 JavaThread "Thread-187451" [_thread_blocked, id=56556, stack(0x000000036e590000,0x000000036e690000)]
  0x000000033357a000 JavaThread "Thread-187450" [_thread_blocked, id=56552, stack(0x000000036e290000,0x000000036e390000)]
  0x0000000333576000 JavaThread "Thread-187448" [_thread_blocked, id=56544, stack(0x000000036e390000,0x000000036e490000)]
  0x0000000333572800 JavaThread "Thread-187446" [_thread_blocked, id=56536, stack(0x000000036e190000,0x000000036e290000)]
  0x0000000333574000 JavaThread "Thread-187445" [_thread_blocked, id=56532, stack(0x000000036dc90000,0x000000036dd90000)]
  0x00000003336ef800 JavaThread "Thread-187444" [_thread_blocked, id=56528, stack(0x000000036dd90000,0x000000036de90000)]
  0x00000003336e9800 JavaThread "Thread-187443" [_thread_blocked, id=56524, stack(0x000000036db90000,0x000000036dc90000)]
  0x00000003336ec000 JavaThread "Thread-187442" [_thread_blocked, id=56520, stack(0x000000036e090000,0x000000036e190000)]
  0x00000003336ee800 JavaThread "Thread-187441" [_thread_blocked, id=56516, stack(0x000000036df90000,0x000000036e090000)]
  0x00000003336eb000 JavaThread "Thread-187440" [_thread_blocked, id=56512, stack(0x000000036de90000,0x000000036df90000)]
  0x0000000333763800 JavaThread "Thread-187436" [_thread_blocked, id=56496, stack(0x000000036da90000,0x000000036db90000)]
  0x0000000333765800 JavaThread "Thread-187435" [_thread_blocked, id=56492, stack(0x000000036d990000,0x000000036da90000)]
  0x0000000333763000 JavaThread "Thread-187434" [_thread_blocked, id=56488, stack(0x000000036d890000,0x000000036d990000)]
  0x0000000333764000 JavaThread "Thread-187433" [_thread_blocked, id=56484, stack(0x000000036d790000,0x000000036d890000)]
  0x0000000333760800 JavaThread "Thread-187432" [_thread_blocked, id=56480, stack(0x000000036d690000,0x000000036d790000)]
  0x0000000333760000 JavaThread "Thread-187431" [_thread_blocked, id=56476, stack(0x000000036d590000,0x000000036d690000)]
  0x000000033375f000 JavaThread "Thread-187430" [_thread_blocked, id=56472, stack(0x000000036d490000,0x000000036d590000)]
  0x0000000333761800 JavaThread "Thread-187429" [_thread_blocked, id=56468, stack(0x000000036d290000,0x000000036d390000)]
  0x0000000333762000 JavaThread "Thread-187428" [_thread_blocked, id=56464, stack(0x000000036d390000,0x000000036d490000)]
  0x000000033375e800 JavaThread "Thread-187427" [_thread_blocked, id=56460, stack(0x000000036d190000,0x000000036d290000)]
  0x0000000333799800 JavaThread "Thread-187426" [_thread_blocked, id=56456, stack(0x000000036cd90000,0x000000036ce90000)]
  0x00000003334be000 JavaThread "Thread-187424" [_thread_blocked, id=56448, stack(0x000000036ce90000,0x000000036cf90000)]
  0x00000003334bb800 JavaThread "Thread-187421" [_thread_blocked, id=56436, stack(0x000000036d090000,0x000000036d190000)]
  0x00000003336ea800 JavaThread "Thread-187420" [_thread_blocked, id=56432, stack(0x000000036c890000,0x000000036c990000)]
  0x00000003336ec800 JavaThread "Thread-187419" [_thread_blocked, id=56428, stack(0x000000036cf90000,0x000000036d090000)]
  0x00000003336e6800 JavaThread "Thread-187415" [_thread_blocked, id=56412, stack(0x000000036cc90000,0x000000036cd90000)]
  0x00000003336e9000 JavaThread "Thread-187414" [_thread_blocked, id=56408, stack(0x000000036cb90000,0x000000036cc90000)]
  0x00000003336e8000 JavaThread "Thread-187412" [_thread_blocked, id=56400, stack(0x000000036c590000,0x000000036c690000)]
  0x00000003336e4800 JavaThread "Thread-187411" [_thread_blocked, id=56396, stack(0x000000036ca90000,0x000000036cb90000)]
  0x000000033375c800 JavaThread "Thread-187410" [_thread_blocked, id=56392, stack(0x000000036c990000,0x000000036ca90000)]
  0x000000033375d800 JavaThread "Thread-187408" [_thread_blocked, id=56384, stack(0x000000036c790000,0x000000036c890000)]
  0x000000033375d000 JavaThread "Thread-187407" [_thread_blocked, id=56380, stack(0x000000036c690000,0x000000036c790000)]
  0x000000033379b000 JavaThread "Thread-187405" [_thread_blocked, id=56372, stack(0x000000036c490000,0x000000036c590000)]
  0x0000000333799000 JavaThread "Thread-187404" [_thread_blocked, id=56368, stack(0x000000036ba90000,0x000000036bb90000)]
  0x00000003336e6000 JavaThread "Thread-187403" [_thread_blocked, id=56364, stack(0x000000036c390000,0x000000036c490000)]
  0x00000003336e1800 JavaThread "Thread-187402" [_thread_blocked, id=56360, stack(0x000000036bf90000,0x000000036c090000)]
  0x0000000333573800 JavaThread "Thread-187400" [_thread_blocked, id=56352, stack(0x000000036c290000,0x000000036c390000)]
  0x0000000333574800 JavaThread "Thread-187398" [_thread_blocked, id=56344, stack(0x000000036c190000,0x000000036c290000)]
  0x0000000333575800 JavaThread "Thread-187397" [_thread_blocked, id=56340, stack(0x000000036c090000,0x000000036c190000)]
  0x0000000333572000 JavaThread "Thread-187395" [_thread_blocked, id=56332, stack(0x000000036be90000,0x000000036bf90000)]
  0x000000033356c000 JavaThread "Thread-187393" [_thread_blocked, id=56324, stack(0x000000036b990000,0x000000036ba90000)]
  0x0000000333565000 JavaThread "Thread-187392" [_thread_blocked, id=54464, stack(0x000000036bd90000,0x000000036be90000)]
  0x000000033356e000 JavaThread "Thread-187391" [_thread_blocked, id=55896, stack(0x000000036bc90000,0x000000036bd90000)]
  0x000000033356a000 JavaThread "Thread-187390" [_thread_blocked, id=55840, stack(0x000000036bb90000,0x000000036bc90000)]
  0x000000033356d000 JavaThread "Thread-187389" [_thread_blocked, id=55836, stack(0x000000036b690000,0x000000036b790000)]
  0x0000000333568800 JavaThread "Thread-187386" [_thread_blocked, id=55208, stack(0x000000036b890000,0x000000036b990000)]
  0x0000000333567800 JavaThread "Thread-187384" [_thread_blocked, id=56256, stack(0x000000036b790000,0x000000036b890000)]
  0x0000000333567000 JavaThread "Thread-187383" [_thread_blocked, id=56108, stack(0x000000036b390000,0x000000036b490000)]
  0x000000033355d000 JavaThread "Thread-187382" [_thread_blocked, id=56072, stack(0x000000036b190000,0x000000036b290000)]
  0x00000003336e5800 JavaThread "Thread-187380" [_thread_blocked, id=55948, stack(0x000000036b490000,0x000000036b590000)]
  0x000000033379a800 JavaThread "Thread-187377" [_thread_blocked, id=55644, stack(0x000000036b090000,0x000000036b190000)]
  0x0000000333796000 JavaThread "Thread-187376" [_thread_blocked, id=55524, stack(0x000000036af90000,0x000000036b090000)]
  0x000000033379c000 JavaThread "Thread-187374" [_thread_blocked, id=55540, stack(0x000000036ab90000,0x000000036ac90000)]
  0x0000000333792800 JavaThread "Thread-187373" [_thread_blocked, id=55548, stack(0x000000036b590000,0x000000036b690000)]
  0x0000000333797800 JavaThread "Thread-187370" [_thread_blocked, id=56200, stack(0x000000036b290000,0x000000036b390000)]
  0x0000000333793000 JavaThread "Thread-187366" [_thread_blocked, id=56160, stack(0x000000036ac90000,0x000000036ad90000)]
  0x0000000333794800 JavaThread "Thread-187364" [_thread_blocked, id=56100, stack(0x000000036ae90000,0x000000036af90000)]
  0x0000000333797000 JavaThread "Thread-187363" [_thread_blocked, id=56020, stack(0x000000036a790000,0x000000036a890000)]
  0x0000000333798800 JavaThread "Thread-187362" [_thread_blocked, id=56016, stack(0x000000036ad90000,0x000000036ae90000)]
  0x0000000333794000 JavaThread "Thread-187359" [_thread_blocked, id=55956, stack(0x000000036aa90000,0x000000036ab90000)]
  0x000000033378f000 JavaThread "Thread-187358" [_thread_blocked, id=55860, stack(0x000000036a490000,0x000000036a590000)]
  0x0000000333795800 JavaThread "Thread-187357" [_thread_blocked, id=55824, stack(0x000000036a990000,0x000000036aa90000)]
  0x000000033378a800 JavaThread "Thread-187354" [_thread_blocked, id=55732, stack(0x000000036a290000,0x000000036a390000)]
  0x000000033378d800 JavaThread "Thread-187353" [_thread_blocked, id=55788, stack(0x000000036a090000,0x000000036a190000)]
  0x0000000333792000 JavaThread "Thread-187351" [_thread_blocked, id=55724, stack(0x000000036a890000,0x000000036a990000)]
  0x000000033378e000 JavaThread "Thread-187349" [_thread_blocked, id=55156, stack(0x000000036a690000,0x000000036a790000)]
  0x0000000333791000 JavaThread "Thread-187348" [_thread_blocked, id=55312, stack(0x000000036a590000,0x000000036a690000)]
  0x0000000333790800 JavaThread "Thread-187346" [_thread_blocked, id=54560, stack(0x000000036a390000,0x000000036a490000)]
  0x000000033378f800 JavaThread "Thread-187344" [_thread_blocked, id=54572, stack(0x000000036a190000,0x000000036a290000)]
  0x000000033378c800 JavaThread "Thread-187342" [_thread_blocked, id=54520, stack(0x0000000369f90000,0x000000036a090000)]
  0x000000033378b000 JavaThread "Thread-187341" [_thread_blocked, id=55428, stack(0x0000000369e90000,0x0000000369f90000)]
  0x000000033378c000 JavaThread "Thread-187340" [_thread_blocked, id=54824, stack(0x0000000369d90000,0x0000000369e90000)]
  0x00000003333eb000 JavaThread "Thread-187339" [_thread_blocked, id=54820, stack(0x0000000369c90000,0x0000000369d90000)]
  0x00000003333ea000 JavaThread "Thread-187338" [_thread_blocked, id=54716, stack(0x0000000369a90000,0x0000000369b90000)]
  0x00000003336e4000 JavaThread "Thread-187337" [_thread_blocked, id=55372, stack(0x0000000369990000,0x0000000369a90000)]
  0x00000003336dd800 JavaThread "Thread-187336" [_thread_blocked, id=55476, stack(0x0000000369590000,0x0000000369690000)]
  0x00000003336e0000 JavaThread "Thread-187335" [_thread_blocked, id=55488, stack(0x0000000369390000,0x0000000369490000)]
  0x00000003336e7800 JavaThread "Thread-187334" [_thread_blocked, id=55000, stack(0x0000000369b90000,0x0000000369c90000)]
  0x00000003336e3000 JavaThread "Thread-187331" [_thread_blocked, id=56312, stack(0x0000000369890000,0x0000000369990000)]
  0x00000003336e2800 JavaThread "Thread-187330" [_thread_blocked, id=56296, stack(0x0000000369790000,0x0000000369890000)]
  0x00000003336e1000 JavaThread "Thread-187329" [_thread_blocked, id=56288, stack(0x0000000369690000,0x0000000369790000)]
  0x00000003336df800 JavaThread "Thread-187326" [_thread_blocked, id=56204, stack(0x0000000369490000,0x0000000369590000)]
  0x00000003336dc000 JavaThread "Thread-187325" [_thread_blocked, id=56224, stack(0x0000000369090000,0x0000000369190000)]
  0x00000003336df000 JavaThread "Thread-187324" [_thread_blocked, id=56216, stack(0x0000000368c90000,0x0000000368d90000)]
  0x0000000333562000 JavaThread "Thread-187322" [_thread_blocked, id=56164, stack(0x0000000368b90000,0x0000000368c90000)]
  0x0000000333561000 JavaThread "Thread-187320" [_thread_blocked, id=56128, stack(0x0000000369290000,0x0000000369390000)]
  0x0000000333560800 JavaThread "Thread-187319" [_thread_blocked, id=56120, stack(0x0000000369190000,0x0000000369290000)]
  0x00000003336de000 JavaThread "Thread-187316" [_thread_blocked, id=56096, stack(0x0000000368f90000,0x0000000369090000)]
  0x00000003336db000 JavaThread "Thread-187315" [_thread_blocked, id=56060, stack(0x0000000368e90000,0x0000000368f90000)]
  0x00000003333ee000 JavaThread "Thread-187313" [_thread_blocked, id=56028, stack(0x0000000368d90000,0x0000000368e90000)]
  0x00000003333ed000 JavaThread "Thread-187311" [_thread_blocked, id=56008, stack(0x0000000368a90000,0x0000000368b90000)]
  0x00000003336dc800 JavaThread "Thread-187309" [_thread_blocked, id=55964, stack(0x0000000368990000,0x0000000368a90000)]
  0x00000003336d9000 JavaThread "Thread-187308" [_thread_blocked, id=55968, stack(0x0000000368390000,0x0000000368490000)]
  0x00000003336da800 JavaThread "Thread-187305" [_thread_blocked, id=55932, stack(0x0000000368890000,0x0000000368990000)]
  0x00000003336d8800 JavaThread "Thread-187304" [_thread_blocked, id=55928, stack(0x0000000368690000,0x0000000368790000)]
  0x00000003336d9800 JavaThread "Thread-187303" [_thread_blocked, id=55912, stack(0x0000000368590000,0x0000000368690000)]
  0x0000000333716800 JavaThread "Thread-187301" [_thread_blocked, id=55904, stack(0x0000000367990000,0x0000000367a90000)]
  0x00000003334c0000 JavaThread "Thread-187300" [_thread_blocked, id=55872, stack(0x0000000368790000,0x0000000368890000)]
  0x00000003334bd000 JavaThread "Thread-187297" [_thread_blocked, id=55848, stack(0x0000000368490000,0x0000000368590000)]
  0x00000003334bb000 JavaThread "Thread-187295" [_thread_blocked, id=55832, stack(0x0000000368190000,0x0000000368290000)]
  0x00000003334b9000 JavaThread "Thread-187293" [_thread_blocked, id=55796, stack(0x0000000368290000,0x0000000368390000)]
  0x00000003334ba800 JavaThread "Thread-187292" [_thread_blocked, id=55776, stack(0x0000000368090000,0x0000000368190000)]
  0x00000003334b5000 JavaThread "Thread-187288" [_thread_blocked, id=55740, stack(0x0000000367f90000,0x0000000368090000)]
  0x00000003334b8000 JavaThread "Thread-187287" [_thread_blocked, id=55712, stack(0x0000000367e90000,0x0000000367f90000)]
  0x00000003334b6000 JavaThread "Thread-187286" [_thread_blocked, id=55700, stack(0x0000000367d90000,0x0000000367e90000)]
  0x00000003334b7800 JavaThread "Thread-187285" [_thread_blocked, id=55684, stack(0x0000000367c90000,0x0000000367d90000)]
  0x00000003334b4800 JavaThread "Thread-187284" [_thread_blocked, id=55692, stack(0x0000000367b90000,0x0000000367c90000)]
  0x00000003334b6800 JavaThread "Thread-187283" [_thread_blocked, id=55708, stack(0x0000000367a90000,0x0000000367b90000)]
  0x00000003334b4000 JavaThread "Thread-187281" [_thread_blocked, id=55660, stack(0x0000000367890000,0x0000000367990000)]
  0x00000003333e9800 JavaThread "Thread-187280" [_thread_blocked, id=7120, stack(0x0000000367790000,0x0000000367890000)]
  0x00000003333ec800 JavaThread "Thread-187279" [_thread_blocked, id=55600, stack(0x0000000367690000,0x0000000367790000)]
  0x00000003333e8800 JavaThread "Thread-187278" [_thread_blocked, id=55588, stack(0x0000000367590000,0x0000000367690000)]
  0x00000003333eb800 JavaThread "Thread-187277" [_thread_blocked, id=55552, stack(0x0000000367490000,0x0000000367590000)]
  0x00000003333e7800 JavaThread "Thread-187276" [_thread_blocked, id=55484, stack(0x0000000367390000,0x0000000367490000)]
  0x00000003333e6800 JavaThread "Thread-187275" [_thread_blocked, id=55436, stack(0x0000000367290000,0x0000000367390000)]
  0x00000003333e8000 JavaThread "Thread-187274" [_thread_blocked, id=55384, stack(0x0000000367190000,0x0000000367290000)]
  0x00000003333e1800 JavaThread "Thread-187273" [_thread_blocked, id=55364, stack(0x0000000366f90000,0x0000000367090000)]
  0x00000003333e4800 JavaThread "Thread-187272" [_thread_blocked, id=55400, stack(0x0000000366d90000,0x0000000366e90000)]
  0x00000003333e3000 JavaThread "Thread-187271" [_thread_blocked, id=55440, stack(0x0000000367090000,0x0000000367190000)]
  0x00000003333e6000 JavaThread "Thread-187270" [_thread_blocked, id=55304, stack(0x0000000366890000,0x0000000366990000)]
  0x00000003333e5000 JavaThread "Thread-187268" [_thread_blocked, id=55328, stack(0x0000000366e90000,0x0000000366f90000)]
  0x000000033355d800 JavaThread "Thread-187265" [_thread_blocked, id=55144, stack(0x0000000366c90000,0x0000000366d90000)]
  0x0000000333558800 JavaThread "Thread-187264" [_thread_blocked, id=55532, stack(0x0000000366b90000,0x0000000366c90000)]
  0x000000033355b800 JavaThread "Thread-187263" [_thread_blocked, id=55388, stack(0x0000000366a90000,0x0000000366b90000)]
  0x000000033354d800 JavaThread "Thread-187262" [_thread_blocked, id=55340, stack(0x0000000366990000,0x0000000366a90000)]
  0x00000003335fe000 JavaThread "Thread-187260" [_thread_blocked, id=55420, stack(0x0000000366790000,0x0000000366890000)]
  0x00000003335fb800 JavaThread "Thread-187259" [_thread_blocked, id=54636, stack(0x0000000366690000,0x0000000366790000)]
  0x00000003335fd000 JavaThread "Thread-187258" [_thread_blocked, id=55504, stack(0x0000000366590000,0x0000000366690000)]
  0x00000003335f8000 JavaThread "Thread-187257" [_thread_blocked, id=55376, stack(0x0000000366490000,0x0000000366590000)]
  0x00000003335f8800 JavaThread "Thread-187256" [_thread_blocked, id=54864, stack(0x0000000366390000,0x0000000366490000)]
  0x00000003335fb000 JavaThread "Thread-187255" [_thread_blocked, id=54704, stack(0x0000000365d90000,0x0000000365e90000)]
  0x00000003333e1000 JavaThread "Thread-187254" [_thread_blocked, id=54844, stack(0x0000000366290000,0x0000000366390000)]
  0x00000003334b2800 JavaThread "Thread-187252" [_thread_blocked, id=55412, stack(0x0000000366190000,0x0000000366290000)]
  0x00000003334b1000 JavaThread "Thread-187250" [_thread_blocked, id=55448, stack(0x0000000366090000,0x0000000366190000)]
  0x00000003334b3000 JavaThread "Thread-187249" [_thread_blocked, id=55092, stack(0x0000000365f90000,0x0000000366090000)]
  0x0000000333718000 JavaThread "Thread-187248" [_thread_blocked, id=54816, stack(0x0000000365e90000,0x0000000365f90000)]
  0x0000000333717000 JavaThread "Thread-187246" [_thread_blocked, id=55352, stack(0x0000000365c90000,0x0000000365d90000)]
  0x0000000333711800 JavaThread "Thread-187245" [_thread_blocked, id=55348, stack(0x0000000365b90000,0x0000000365c90000)]
  0x00000003334ad800 JavaThread "Thread-187244" [_thread_blocked, id=54632, stack(0x0000000365a90000,0x0000000365b90000)]
  0x00000003334ae800 JavaThread "Thread-187243" [_thread_blocked, id=55300, stack(0x0000000365990000,0x0000000365a90000)]
  0x00000003334af800 JavaThread "Thread-187242" [_thread_blocked, id=55444, stack(0x0000000365590000,0x0000000365690000)]
  0x00000003334ae000 JavaThread "Thread-187241" [_thread_blocked, id=55472, stack(0x0000000365490000,0x0000000365590000)]
  0x0000000333715000 JavaThread "Thread-187240" [_thread_blocked, id=55408, stack(0x0000000365890000,0x0000000365990000)]
  0x0000000333713000 JavaThread "Thread-187239" [_thread_blocked, id=55360, stack(0x0000000365790000,0x0000000365890000)]
  0x0000000333714800 JavaThread "Thread-187237" [_thread_blocked, id=55536, stack(0x0000000365690000,0x0000000365790000)]
  0x00000003334b0000 JavaThread "Thread-187235" [_thread_blocked, id=55332, stack(0x0000000365290000,0x0000000365390000)]
  0x00000003334ac800 JavaThread "Thread-187233" [_thread_blocked, id=55392, stack(0x0000000365390000,0x0000000365490000)]
  0x00000003334a9000 JavaThread "Thread-187231" [_thread_blocked, id=55320, stack(0x0000000365190000,0x0000000365290000)]
  0x00000003334a9800 JavaThread "Thread-187230" [_thread_blocked, id=55432, stack(0x0000000365090000,0x0000000365190000)]
  0x00000003334ac000 JavaThread "Thread-187229" [_thread_blocked, id=54696, stack(0x0000000364f90000,0x0000000365090000)]
  0x00000003334aa800 JavaThread "Thread-187228" [_thread_blocked, id=54740, stack(0x0000000364e90000,0x0000000364f90000)]
  0x00000003334a8000 JavaThread "Thread-187227" [_thread_blocked, id=55080, stack(0x0000000364d90000,0x0000000364e90000)]
  0x00000003334ab000 JavaThread "Thread-187226" [_thread_blocked, id=55064, stack(0x0000000364a90000,0x0000000364b90000)]
  0x00000003334a6000 JavaThread "Thread-187225" [_thread_blocked, id=55456, stack(0x0000000364c90000,0x0000000364d90000)]
  0x00000003334a5800 JavaThread "Thread-187224" [_thread_blocked, id=54812, stack(0x0000000364b90000,0x0000000364c90000)]
  0x00000003334a7800 JavaThread "Thread-187222" [_thread_blocked, id=55108, stack(0x0000000364990000,0x0000000364a90000)]
  0x00000003334a7000 JavaThread "Thread-187221" [_thread_blocked, id=55132, stack(0x0000000364890000,0x0000000364990000)]
  0x00000003334a1800 JavaThread "Thread-187220" [_thread_blocked, id=55424, stack(0x0000000364790000,0x0000000364890000)]
  0x00000003334a4800 JavaThread "Thread-187219" [_thread_blocked, id=54828, stack(0x0000000364690000,0x0000000364790000)]
  0x000000033349f800 JavaThread "Thread-187218" [_thread_blocked, id=55396, stack(0x0000000364290000,0x0000000364390000)]
  0x00000003334a4000 JavaThread "Thread-187216" [_thread_blocked, id=54532, stack(0x0000000364590000,0x0000000364690000)]
  0x00000003334a3000 JavaThread "Thread-187215" [_thread_blocked, id=54460, stack(0x0000000364490000,0x0000000364590000)]
  0x00000003334a1000 JavaThread "Thread-187213" [_thread_blocked, id=54920, stack(0x0000000364390000,0x0000000364490000)]
  0x00000003334a0800 JavaThread "Thread-187212" [_thread_blocked, id=55096, stack(0x0000000364090000,0x0000000364190000)]
  0x00000003335f4800 JavaThread "Thread-187210" [_thread_blocked, id=54948, stack(0x0000000364190000,0x0000000364290000)]
  0x0000000333713800 JavaThread "Thread-187208" [_thread_blocked, id=54688, stack(0x0000000363c90000,0x0000000363d90000)]
  0x000000033370e800 JavaThread "Thread-187207" [_thread_blocked, id=54860, stack(0x0000000363b90000,0x0000000363c90000)]
  0x0000000333710800 JavaThread "Thread-187206" [_thread_blocked, id=55152, stack(0x0000000363f90000,0x0000000364090000)]
  0x0000000333712000 JavaThread "Thread-187205" [_thread_blocked, id=54880, stack(0x0000000363e90000,0x0000000363f90000)]
  0x000000033370e000 JavaThread "Thread-187203" [_thread_blocked, id=54368, stack(0x0000000363d90000,0x0000000363e90000)]
  0x0000000333706800 JavaThread "Thread-187201" [_thread_blocked, id=54492, stack(0x0000000363a90000,0x0000000363b90000)]
  0x00000003333e3800 JavaThread "Thread-187199" [_thread_blocked, id=56316, stack(0x0000000363790000,0x0000000363890000)]
  0x00000003333e2000 JavaThread "Thread-187197" [_thread_blocked, id=56308, stack(0x0000000363990000,0x0000000363a90000)]
  0x00000003335f9800 JavaThread "Thread-187196" [_thread_blocked, id=56304, stack(0x0000000363890000,0x0000000363990000)]
  0x00000003335fa000 JavaThread "Thread-187195" [_thread_blocked, id=56300, stack(0x0000000363590000,0x0000000363690000)]
  0x00000003335f3800 JavaThread "Thread-187193" [_thread_blocked, id=56292, stack(0x0000000363690000,0x0000000363790000)]
  0x00000003335f6000 JavaThread "Thread-187191" [_thread_blocked, id=56284, stack(0x0000000363490000,0x0000000363590000)]
  0x00000003333dd000 JavaThread "Thread-187190" [_thread_blocked, id=56280, stack(0x0000000363390000,0x0000000363490000)]
  0x00000003333de000 JavaThread "Thread-187189" [_thread_blocked, id=56276, stack(0x0000000362f90000,0x0000000363090000)]
  0x00000003333de800 JavaThread "Thread-187188" [_thread_blocked, id=56272, stack(0x0000000363290000,0x0000000363390000)]
  0x00000003333e0000 JavaThread "Thread-187187" [_thread_blocked, id=56264, stack(0x0000000363190000,0x0000000363290000)]
  0x00000003333df800 JavaThread "Thread-187186" [_thread_blocked, id=56260, stack(0x0000000363090000,0x0000000363190000)]
  0x00000003333dc800 JavaThread "Thread-187184" [_thread_blocked, id=56252, stack(0x0000000362e90000,0x0000000362f90000)]
  0x00000003333d9000 JavaThread "Thread-187183" [_thread_blocked, id=56248, stack(0x0000000362d90000,0x0000000362e90000)]
  0x00000003333d9800 JavaThread "Thread-187182" [_thread_blocked, id=56244, stack(0x0000000362b90000,0x0000000362c90000)]
  0x00000003333db800 JavaThread "Thread-187181" [_thread_blocked, id=56240, stack(0x0000000362990000,0x0000000362a90000)]
  0x00000003333d8000 JavaThread "Thread-187180" [_thread_blocked, id=56236, stack(0x0000000362690000,0x0000000362790000)]
  0x00000003333da800 JavaThread "Thread-187179" [_thread_blocked, id=56232, stack(0x0000000362590000,0x0000000362690000)]
  0x00000003335f7800 JavaThread "Thread-187178" [_thread_blocked, id=56228, stack(0x0000000362c90000,0x0000000362d90000)]
  0x000000033370f000 JavaThread "Thread-187176" [_thread_blocked, id=56220, stack(0x0000000362a90000,0x0000000362b90000)]
  0x0000000333710000 JavaThread "Thread-187174" [_thread_blocked, id=56212, stack(0x0000000362890000,0x0000000362990000)]
  0x000000033370a000 JavaThread "Thread-187173" [_thread_blocked, id=56208, stack(0x0000000362790000,0x0000000362890000)]
  0x00000003335f2000 JavaThread "Thread-187170" [_thread_blocked, id=56196, stack(0x0000000362190000,0x0000000362290000)]
  0x00000003335f5000 JavaThread "Thread-187169" [_thread_blocked, id=56192, stack(0x0000000362490000,0x0000000362590000)]
  0x000000033370d000 JavaThread "Thread-187168" [_thread_blocked, id=56188, stack(0x0000000362390000,0x0000000362490000)]
  0x000000033370c800 JavaThread "Thread-187167" [_thread_blocked, id=56184, stack(0x0000000361890000,0x0000000361990000)]
  0x00000003335f6800 JavaThread "Thread-187165" [_thread_blocked, id=56172, stack(0x0000000362290000,0x0000000362390000)]
  0x00000003335f3000 JavaThread "Thread-187162" [_thread_blocked, id=56156, stack(0x0000000362090000,0x0000000362190000)]
  0x00000003335ec800 JavaThread "Thread-187161" [_thread_blocked, id=56152, stack(0x0000000361f90000,0x0000000362090000)]
  0x00000003333db000 JavaThread "Thread-187160" [_thread_blocked, id=56148, stack(0x0000000361e90000,0x0000000361f90000)]
  0x00000003333d5000 JavaThread "Thread-187159" [_thread_blocked, id=56144, stack(0x0000000361690000,0x0000000361790000)]
  0x00000003333d4800 JavaThread "Thread-187158" [_thread_blocked, id=56140, stack(0x0000000361d90000,0x0000000361e90000)]
  0x00000003333d7800 JavaThread "Thread-187157" [_thread_blocked, id=56136, stack(0x0000000361c90000,0x0000000361d90000)]
  0x000000033370b800 JavaThread "Thread-187156" [_thread_blocked, id=56132, stack(0x0000000361b90000,0x0000000361c90000)]
  0x000000033370b000 JavaThread "Thread-187154" [_thread_blocked, id=56124, stack(0x0000000361a90000,0x0000000361b90000)]
  0x00000003335ee800 JavaThread "Thread-187152" [_thread_blocked, id=56116, stack(0x0000000361990000,0x0000000361a90000)]
  0x00000003335f1800 JavaThread "Thread-187151" [_thread_blocked, id=56112, stack(0x0000000361590000,0x0000000361690000)]
  0x00000003335f0000 JavaThread "Thread-187149" [_thread_blocked, id=56104, stack(0x0000000361790000,0x0000000361890000)]
  0x0000000333709800 JavaThread "Thread-187146" [_thread_blocked, id=56092, stack(0x0000000361490000,0x0000000361590000)]
  0x0000000333707000 JavaThread "Thread-187145" [_thread_blocked, id=56088, stack(0x0000000361190000,0x0000000361290000)]
  0x0000000333708000 JavaThread "Thread-187144" [_thread_blocked, id=56084, stack(0x0000000360e90000,0x0000000360f90000)]
  0x0000000333708800 JavaThread "Thread-187143" [_thread_blocked, id=56080, stack(0x0000000361390000,0x0000000361490000)]
  0x00000003331da000 JavaThread "Thread-187142" [_thread_blocked, id=56076, stack(0x0000000361290000,0x0000000361390000)]
  0x00000003333d6800 JavaThread "Thread-187140" [_thread_blocked, id=56068, stack(0x0000000361090000,0x0000000361190000)]
  0x00000003333d6000 JavaThread "Thread-187139" [_thread_blocked, id=56064, stack(0x0000000360f90000,0x0000000361090000)]
  0x00000003333d1000 JavaThread "Thread-187137" [_thread_blocked, id=56056, stack(0x0000000360d90000,0x0000000360e90000)]
  0x00000003333d4000 JavaThread "Thread-187136" [_thread_blocked, id=56052, stack(0x0000000360c90000,0x0000000360d90000)]
  0x00000003333d3000 JavaThread "Thread-187135" [_thread_blocked, id=56048, stack(0x0000000360b90000,0x0000000360c90000)]
  0x00000003333d2800 JavaThread "Thread-187134" [_thread_blocked, id=56044, stack(0x0000000360a90000,0x0000000360b90000)]
  0x00000003334a2800 JavaThread "Thread-187133" [_thread_blocked, id=56040, stack(0x0000000360890000,0x0000000360990000)]
  0x00000003333ce800 JavaThread "Thread-187132" [_thread_blocked, id=56036, stack(0x0000000360590000,0x0000000360690000)]
  0x00000003333d1800 JavaThread "Thread-187131" [_thread_blocked, id=56032, stack(0x0000000360790000,0x0000000360890000)]
  0x00000003333d0000 JavaThread "Thread-187129" [_thread_blocked, id=56024, stack(0x0000000360990000,0x0000000360a90000)]
  0x00000003335ef800 JavaThread "Thread-187126" [_thread_blocked, id=56012, stack(0x0000000360690000,0x0000000360790000)]
  0x00000003335ed000 JavaThread "Thread-187124" [_thread_blocked, id=56004, stack(0x000000035ff90000,0x0000000360090000)]
  0x000000033349c000 JavaThread "Thread-187123" [_thread_blocked, id=56000, stack(0x000000035fb90000,0x000000035fc90000)]
  0x000000033349e000 JavaThread "Thread-187122" [_thread_blocked, id=55996, stack(0x000000035f690000,0x000000035f790000)]
  0x000000033349d800 JavaThread "Thread-187121" [_thread_blocked, id=55992, stack(0x000000035f490000,0x000000035f590000)]
  0x000000033349c800 JavaThread "Thread-187120" [_thread_blocked, id=55988, stack(0x0000000360490000,0x0000000360590000)]
  0x000000033349f000 JavaThread "Thread-187119" [_thread_blocked, id=55984, stack(0x0000000360390000,0x0000000360490000)]
  0x000000033349b000 JavaThread "Thread-187118" [_thread_blocked, id=55980, stack(0x0000000360290000,0x0000000360390000)]
  0x0000000333497800 JavaThread "Thread-187117" [_thread_blocked, id=55976, stack(0x0000000360190000,0x0000000360290000)]
  0x00000003335f1000 JavaThread "Thread-187116" [_thread_blocked, id=55972, stack(0x0000000360090000,0x0000000360190000)]
  0x00000003335ee000 JavaThread "Thread-187113" [_thread_blocked, id=55960, stack(0x000000035f790000,0x000000035f890000)]
  0x00000003335e8000 JavaThread "Thread-187111" [_thread_blocked, id=55952, stack(0x000000035ed90000,0x000000035ee90000)]
  0x00000003333cf800 JavaThread "Thread-187109" [_thread_blocked, id=55944, stack(0x000000035ec90000,0x000000035ed90000)]
  0x00000003333ce000 JavaThread "Thread-187108" [_thread_blocked, id=55940, stack(0x000000035f390000,0x000000035f490000)]
  0x00000003333cc800 JavaThread "Thread-187107" [_thread_blocked, id=55936, stack(0x000000035ef90000,0x000000035f090000)]
  0x00000003335e9000 JavaThread "Thread-187104" [_thread_blocked, id=55924, stack(0x000000035e890000,0x000000035e990000)]
  0x00000003335ea800 JavaThread "Thread-187103" [_thread_blocked, id=55920, stack(0x000000035eb90000,0x000000035ec90000)]
  0x00000003335e9800 JavaThread "Thread-187102" [_thread_blocked, id=55916, stack(0x000000035e990000,0x000000035ea90000)]
  0x00000003335eb000 JavaThread "Thread-187100" [_thread_blocked, id=55908, stack(0x000000035ea90000,0x000000035eb90000)]
  0x00000003333bc800 JavaThread "Thread-187097" [_thread_blocked, id=55892, stack(0x000000035e790000,0x000000035e890000)]
  0x00000003333be000 JavaThread "Thread-187096" [_thread_blocked, id=55888, stack(0x000000035e690000,0x000000035e790000)]
  0x00000003333bd000 JavaThread "Thread-187095" [_thread_blocked, id=55884, stack(0x000000035e390000,0x000000035e490000)]
  0x00000003333ab000 JavaThread "Thread-187094" [_thread_blocked, id=55880, stack(0x000000035e090000,0x000000035e190000)]
  0x00000003333a6800 JavaThread "Thread-187093" [_thread_blocked, id=55876, stack(0x000000035e490000,0x000000035e590000)]
  0x00000003333aa800 JavaThread "Thread-187091" [_thread_blocked, id=55868, stack(0x000000035df90000,0x000000035e090000)]
  0x00000003333ac000 JavaThread "Thread-187090" [_thread_blocked, id=55864, stack(0x000000035de90000,0x000000035df90000)]
  0x00000003333c8000 JavaThread "Thread-187088" [_thread_blocked, id=55856, stack(0x000000035e190000,0x000000035e290000)]
  0x00000003335eb800 JavaThread "Thread-187086" [_thread_blocked, id=55844, stack(0x000000035db90000,0x000000035dc90000)]
  0x00000003335e6000 JavaThread "Thread-187082" [_thread_blocked, id=55828, stack(0x000000035dd90000,0x000000035de90000)]
  0x00000003335e7800 JavaThread "Thread-187080" [_thread_blocked, id=55820, stack(0x000000035da90000,0x000000035db90000)]
  0x00000003335e6800 JavaThread "Thread-187079" [_thread_blocked, id=55816, stack(0x000000035d890000,0x000000035d990000)]
  0x00000003335e2800 JavaThread "Thread-187078" [_thread_blocked, id=55812, stack(0x000000035d790000,0x000000035d890000)]
  0x00000003335e5000 JavaThread "Thread-187077" [_thread_blocked, id=55808, stack(0x000000035d590000,0x000000035d690000)]
  0x00000003335e3000 JavaThread "Thread-187076" [_thread_blocked, id=55804, stack(0x000000035cd90000,0x000000035ce90000)]
  0x00000003335de000 JavaThread "Thread-187075" [_thread_blocked, id=55800, stack(0x000000035d290000,0x000000035d390000)]
  0x00000003335e4000 JavaThread "Thread-187073" [_thread_blocked, id=55792, stack(0x000000035d490000,0x000000035d590000)]
  0x00000003335e1800 JavaThread "Thread-187071" [_thread_blocked, id=55784, stack(0x000000035d090000,0x000000035d190000)]
  0x00000003335e4800 JavaThread "Thread-187070" [_thread_blocked, id=55780, stack(0x000000035cf90000,0x000000035d090000)]
  0x00000003333a7800 JavaThread "Thread-187068" [_thread_blocked, id=55772, stack(0x000000035cb90000,0x000000035cc90000)]
  0x00000003333a9000 JavaThread "Thread-187067" [_thread_blocked, id=55768, stack(0x000000035c490000,0x000000035c590000)]
  0x00000003335dd800 JavaThread "Thread-187066" [_thread_blocked, id=55764, stack(0x000000035bb90000,0x000000035bc90000)]
  0x00000003335d9800 JavaThread "Thread-187065" [_thread_blocked, id=55760, stack(0x000000035b490000,0x000000035b590000)]
  0x00000003335d4800 JavaThread "Thread-187064" [_thread_blocked, id=55756, stack(0x000000035c990000,0x000000035ca90000)]
  0x00000003335df800 JavaThread "Thread-187063" [_thread_blocked, id=55752, stack(0x000000035c890000,0x000000035c990000)]
  0x00000003335e1000 JavaThread "Thread-187062" [_thread_blocked, id=55748, stack(0x000000035bf90000,0x000000035c090000)]
  0x00000003335da800 JavaThread "Thread-187061" [_thread_blocked, id=55744, stack(0x000000035be90000,0x000000035bf90000)]
  0x00000003335dc800 JavaThread "Thread-187059" [_thread_blocked, id=55736, stack(0x000000035b690000,0x000000035b790000)]
  0x00000003335d0800 JavaThread "Thread-187057" [_thread_blocked, id=55728, stack(0x000000035c590000,0x000000035c690000)]
  0x00000003333a9800 JavaThread "Thread-187055" [_thread_blocked, id=55720, stack(0x000000035c290000,0x000000035c390000)]
  0x0000000333499000 JavaThread "Thread-187054" [_thread_blocked, id=55716, stack(0x000000035c090000,0x000000035c190000)]
  0x00000003335db000 JavaThread "Thread-187051" [_thread_blocked, id=55704, stack(0x000000035bd90000,0x000000035be90000)]
  0x00000003335d7000 JavaThread "Thread-187049" [_thread_blocked, id=55696, stack(0x000000035b790000,0x000000035b890000)]
  0x000000033360d000 JavaThread "Thread-187047" [_thread_blocked, id=55688, stack(0x000000035b590000,0x000000035b690000)]
  0x00000003333c9800 JavaThread "Thread-187045" [_thread_blocked, id=55680, stack(0x000000035b290000,0x000000035b390000)]
  0x00000003333cb000 JavaThread "Thread-187044" [_thread_blocked, id=55676, stack(0x000000035ae90000,0x000000035af90000)]
  0x00000003333c7000 JavaThread "Thread-187043" [_thread_blocked, id=55672, stack(0x000000035aa90000,0x000000035ab90000)]
  0x00000003335d1000 JavaThread "Thread-187042" [_thread_blocked, id=55668, stack(0x000000035b190000,0x000000035b290000)]
  0x00000003335d4000 JavaThread "Thread-187041" [_thread_blocked, id=55664, stack(0x000000035af90000,0x000000035b090000)]
  0x00000003335d1800 JavaThread "Thread-187039" [_thread_blocked, id=55656, stack(0x000000035ad90000,0x000000035ae90000)]
  0x00000003335d2800 JavaThread "Thread-187038" [_thread_blocked, id=55652, stack(0x000000035ac90000,0x000000035ad90000)]
  0x00000003335d3000 JavaThread "Thread-187037" [_thread_blocked, id=55648, stack(0x000000035ab90000,0x000000035ac90000)]
  0x0000000333610000 JavaThread "Thread-187035" [_thread_blocked, id=55640, stack(0x000000035a890000,0x000000035a990000)]
  0x000000033360d800 JavaThread "Thread-187034" [_thread_blocked, id=55636, stack(0x000000035a290000,0x000000035a390000)]
  0x0000000333608800 JavaThread "Thread-187033" [_thread_blocked, id=55632, stack(0x000000000a420000,0x000000000a520000)]
  0x0000000333608000 JavaThread "Thread-187032" [_thread_blocked, id=55628, stack(0x0000000359d90000,0x0000000359e90000)]
  0x000000033360b800 JavaThread "Thread-187031" [_thread_blocked, id=55604, stack(0x000000035a190000,0x000000035a290000)]
  0x0000000333609800 JavaThread "Thread-187029" [_thread_blocked, id=55596, stack(0x000000035a090000,0x000000035a190000)]
  0x000000033360a000 JavaThread "Thread-187028" [_thread_blocked, id=55592, stack(0x0000000359e90000,0x0000000359f90000)]
  0x0000000333604800 JavaThread "Thread-187026" [_thread_blocked, id=55584, stack(0x0000000359b90000,0x0000000359c90000)]
  0x0000000333607000 JavaThread "Thread-187025" [_thread_blocked, id=55580, stack(0x0000000359a90000,0x0000000359b90000)]
  0x0000000333606800 JavaThread "Thread-187024" [_thread_blocked, id=55576, stack(0x0000000359690000,0x0000000359790000)]
  0x0000000333606000 JavaThread "Thread-187023" [_thread_blocked, id=55572, stack(0x0000000359090000,0x0000000359190000)]
  0x00000003335ff000 JavaThread "Thread-187022" [_thread_blocked, id=55568, stack(0x0000000359590000,0x0000000359690000)]
  0x0000000333603800 JavaThread "Thread-187021" [_thread_blocked, id=55564, stack(0x0000000358c90000,0x0000000358d90000)]
  0x0000000333600800 JavaThread "Thread-187020" [_thread_blocked, id=55560, stack(0x0000000358890000,0x0000000358990000)]
  0x0000000333603000 JavaThread "Thread-187019" [_thread_blocked, id=55556, stack(0x0000000357790000,0x0000000357890000)]
  0x000000033360c800 JavaThread "Thread-187016" [_thread_blocked, id=55544, stack(0x0000000359190000,0x0000000359290000)]
  0x000000033349a800 JavaThread "Thread-187012" [_thread_blocked, id=55528, stack(0x0000000358490000,0x0000000358590000)]
  0x0000000333498800 JavaThread "Thread-187010" [_thread_blocked, id=55520, stack(0x0000000358a90000,0x0000000358b90000)]
  0x000000033349a000 JavaThread "Thread-187009" [_thread_blocked, id=55516, stack(0x000000035fe90000,0x000000035ff90000)]
  0x0000000333494800 JavaThread "Thread-187008" [_thread_blocked, id=55512, stack(0x000000035fd90000,0x000000035fe90000)]
  0x0000000333494000 JavaThread "Thread-187007" [_thread_blocked, id=55508, stack(0x000000035fc90000,0x000000035fd90000)]
  0x00000003335e0000 JavaThread "Thread-187005" [_thread_blocked, id=55500, stack(0x000000035fa90000,0x000000035fb90000)]
  0x00000003335dc000 JavaThread "Thread-187004" [_thread_blocked, id=55496, stack(0x000000035f990000,0x000000035fa90000)]
  0x00000003335de800 JavaThread "Thread-187003" [_thread_blocked, id=55492, stack(0x000000035f890000,0x000000035f990000)]
  0x00000003335d9000 JavaThread "Thread-187000" [_thread_blocked, id=55480, stack(0x000000035f590000,0x000000035f690000)]
  0x00000003335d5800 JavaThread "Thread-186997" [_thread_blocked, id=55468, stack(0x000000035f290000,0x000000035f390000)]
  0x00000003335d8000 JavaThread "Thread-186996" [_thread_blocked, id=55464, stack(0x000000035f190000,0x000000035f290000)]
  0x00000003335d7800 JavaThread "Thread-186995" [_thread_blocked, id=55460, stack(0x000000035f090000,0x000000035f190000)]
  0x00000003335d6000 JavaThread "Thread-186993" [_thread_blocked, id=55452, stack(0x000000035ee90000,0x000000035ef90000)]
  0x000000033360f000 JavaThread "Thread-186984" [_thread_blocked, id=55416, stack(0x000000035e590000,0x000000035e690000)]
  0x000000033360e800 JavaThread "Thread-186981" [_thread_blocked, id=55404, stack(0x000000035e290000,0x000000035e390000)]
  0x000000033360b000 JavaThread "Thread-186975" [_thread_blocked, id=55380, stack(0x000000035dc90000,0x000000035dd90000)]
  0x0000000333605000 JavaThread "Thread-186972" [_thread_blocked, id=55368, stack(0x000000035d990000,0x000000035da90000)]
  0x0000000333601800 JavaThread "Thread-186969" [_thread_blocked, id=55356, stack(0x000000035d690000,0x000000035d790000)]
  0x0000000333602000 JavaThread "Thread-186966" [_thread_blocked, id=55344, stack(0x000000035d390000,0x000000035d490000)]
  0x00000003335fe800 JavaThread "Thread-186964" [_thread_blocked, id=55336, stack(0x000000035d190000,0x000000035d290000)]
  0x0000000333600000 JavaThread "Thread-186961" [_thread_blocked, id=55324, stack(0x000000035ce90000,0x000000035cf90000)]
  0x000000033358b000 JavaThread "Thread-186959" [_thread_blocked, id=55316, stack(0x000000035cc90000,0x000000035cd90000)]
  0x0000000333589800 JavaThread "Thread-186957" [_thread_blocked, id=55308, stack(0x000000035ca90000,0x000000035cb90000)]
  0x0000000333589000 JavaThread "Thread-186953" [_thread_blocked, id=55172, stack(0x000000035c790000,0x000000035c890000)]
  0x0000000333587800 JavaThread "Thread-186952" [_thread_blocked, id=55160, stack(0x000000035c690000,0x000000035c790000)]
  0x0000000333585800 JavaThread "Thread-186949" [_thread_blocked, id=55136, stack(0x000000035c390000,0x000000035c490000)]
  0x0000000333582800 JavaThread "Thread-186947" [_thread_blocked, id=55120, stack(0x000000035c190000,0x000000035c290000)]
  0x000000033357d800 JavaThread "Thread-186942" [_thread_blocked, id=55084, stack(0x000000035bc90000,0x000000035bd90000)]
  0x000000033357f800 JavaThread "Thread-186940" [_thread_blocked, id=55016, stack(0x000000035ba90000,0x000000035bb90000)]
  0x000000033357b000 JavaThread "Thread-186939" [_thread_blocked, id=55028, stack(0x000000035b990000,0x000000035ba90000)]
  0x000000033357c800 JavaThread "Thread-186938" [_thread_blocked, id=55020, stack(0x000000035b890000,0x000000035b990000)]
  0x0000000333579000 JavaThread "Thread-186933" [_thread_blocked, id=54888, stack(0x000000035b390000,0x000000035b490000)]
  0x0000000333577800 JavaThread "Thread-186930" [_thread_blocked, id=54804, stack(0x000000035b090000,0x000000035b190000)]
  0x000000033356f000 JavaThread "Thread-186923" [_thread_blocked, id=54856, stack(0x000000035a990000,0x000000035aa90000)]
  0x0000000333571000 JavaThread "Thread-186921" [_thread_blocked, id=54796, stack(0x000000035a790000,0x000000035a890000)]
  0x000000033356d800 JavaThread "Thread-186920" [_thread_blocked, id=54788, stack(0x000000035a690000,0x000000035a790000)]
  0x0000000333570800 JavaThread "Thread-186919" [_thread_blocked, id=54784, stack(0x000000035a590000,0x000000035a690000)]
  0x000000033356f800 JavaThread "Thread-186918" [_thread_blocked, id=54776, stack(0x000000035a490000,0x000000035a590000)]
  0x000000033356b800 JavaThread "Thread-186917" [_thread_blocked, id=54752, stack(0x000000035a390000,0x000000035a490000)]
  0x000000033356a800 JavaThread "Thread-186913" [_thread_blocked, id=54684, stack(0x0000000359f90000,0x000000035a090000)]
  0x0000000333569000 JavaThread "Thread-186910" [_thread_blocked, id=54672, stack(0x0000000359c90000,0x0000000359d90000)]
  0x0000000333563800 JavaThread "Thread-186907" [_thread_blocked, id=54584, stack(0x0000000359990000,0x0000000359a90000)]
  0x0000000333566800 JavaThread "Thread-186906" [_thread_blocked, id=54588, stack(0x0000000359890000,0x0000000359990000)]
  0x0000000333565800 JavaThread "Thread-186905" [_thread_blocked, id=54576, stack(0x0000000359790000,0x0000000359890000)]
  0x0000000333564000 JavaThread "Thread-186902" [_thread_blocked, id=54540, stack(0x0000000359490000,0x0000000359590000)]
  0x0000000333560000 JavaThread "Thread-186901" [_thread_blocked, id=54552, stack(0x0000000359390000,0x0000000359490000)]
  0x0000000333562800 JavaThread "Thread-186900" [_thread_blocked, id=54548, stack(0x0000000359290000,0x0000000359390000)]
  0x000000033355f000 JavaThread "Thread-186897" [_thread_blocked, id=54516, stack(0x0000000358f90000,0x0000000359090000)]
  0x000000033355e800 JavaThread "Thread-186896" [_thread_blocked, id=54528, stack(0x0000000358e90000,0x0000000358f90000)]
  0x000000033355a800 JavaThread "Thread-186895" [_thread_blocked, id=54488, stack(0x0000000358d90000,0x0000000358e90000)]
  0x000000033355a000 JavaThread "Thread-186893" [_thread_blocked, id=54456, stack(0x0000000358b90000,0x0000000358c90000)]
  0x000000033355c000 JavaThread "Thread-186891" [_thread_blocked, id=54476, stack(0x0000000358990000,0x0000000358a90000)]
  0x0000000333556800 JavaThread "Thread-186889" [_thread_blocked, id=54408, stack(0x0000000358790000,0x0000000358890000)]
  0x0000000333559800 JavaThread "Thread-186888" [_thread_blocked, id=54396, stack(0x0000000358690000,0x0000000358790000)]
  0x0000000333555800 JavaThread "Thread-186887" [_thread_blocked, id=54380, stack(0x0000000358590000,0x0000000358690000)]
  0x0000000333557000 JavaThread "Thread-186885" [_thread_blocked, id=54304, stack(0x0000000358390000,0x0000000358490000)]
  0x0000000333558000 JavaThread "Thread-186884" [_thread_blocked, id=55284, stack(0x0000000358290000,0x0000000358390000)]
  0x0000000333552000 JavaThread "Thread-186883" [_thread_blocked, id=55292, stack(0x0000000358190000,0x0000000358290000)]
  0x0000000333555000 JavaThread "Thread-186882" [_thread_blocked, id=55272, stack(0x0000000358090000,0x0000000358190000)]
  0x0000000333554000 JavaThread "Thread-186881" [_thread_blocked, id=55280, stack(0x0000000357f90000,0x0000000358090000)]
  0x0000000333550800 JavaThread "Thread-186880" [_thread_blocked, id=55264, stack(0x0000000357e90000,0x0000000357f90000)]
  0x0000000333553800 JavaThread "Thread-186879" [_thread_blocked, id=55252, stack(0x0000000357d90000,0x0000000357e90000)]
  0x0000000333550000 JavaThread "Thread-186878" [_thread_blocked, id=55240, stack(0x0000000357c90000,0x0000000357d90000)]
  0x0000000333553000 JavaThread "Thread-186877" [_thread_blocked, id=55220, stack(0x0000000357b90000,0x0000000357c90000)]
  0x0000000333551800 JavaThread "Thread-186876" [_thread_blocked, id=55236, stack(0x0000000357a90000,0x0000000357b90000)]
  0x000000033354c800 JavaThread "Thread-186875" [_thread_blocked, id=55188, stack(0x0000000357990000,0x0000000357a90000)]
  0x000000033354f000 JavaThread "Thread-186874" [_thread_blocked, id=55224, stack(0x0000000357890000,0x0000000357990000)]
  0x000000033354d000 JavaThread "Thread-186872" [_thread_blocked, id=55184, stack(0x0000000357690000,0x0000000357790000)]
  0x000000033354e800 JavaThread "Thread-186871" [_thread_blocked, id=55212, stack(0x0000000357590000,0x0000000357690000)]
  0x00000003330dd800 JavaThread "Thread-186870" [_thread_blocked, id=55200, stack(0x0000000357490000,0x0000000357590000)]
  0x00000003330dd000 JavaThread "Thread-186869" [_thread_blocked, id=55216, stack(0x0000000357390000,0x0000000357490000)]
  0x00000003330de800 JavaThread "Thread-186868" [_thread_blocked, id=55192, stack(0x0000000357290000,0x0000000357390000)]
  0x00000003330e0000 JavaThread "Thread-186867" [_thread_blocked, id=55204, stack(0x0000000357190000,0x0000000357290000)]
  0x00000003330df000 JavaThread "Thread-186866" [_thread_blocked, id=55168, stack(0x0000000357090000,0x0000000357190000)]
  0x00000003330d9800 JavaThread "Thread-186865" [_thread_blocked, id=55196, stack(0x0000000356d90000,0x0000000356e90000)]
  0x00000003330db000 JavaThread "Thread-186864" [_thread_blocked, id=55180, stack(0x0000000356690000,0x0000000356790000)]
  0x0000000333495800 JavaThread "Thread-186863" [_thread_blocked, id=55164, stack(0x0000000356e90000,0x0000000356f90000)]
  0x0000000333492000 JavaThread "Thread-186862" [_thread_blocked, id=55176, stack(0x0000000356790000,0x0000000356890000)]
  0x00000003333cd800 JavaThread "Thread-186860" [_thread_blocked, id=55148, stack(0x0000000356f90000,0x0000000357090000)]
  0x00000003333c9000 JavaThread "Thread-186855" [_thread_blocked, id=55128, stack(0x0000000356c90000,0x0000000356d90000)]
  0x00000003330dc800 JavaThread "Thread-186852" [_thread_blocked, id=55140, stack(0x0000000356b90000,0x0000000356c90000)]
  0x00000003330d8000 JavaThread "Thread-186851" [_thread_blocked, id=55124, stack(0x0000000356a90000,0x0000000356b90000)]
  0x00000003330d8800 JavaThread "Thread-186848" [_thread_blocked, id=55116, stack(0x0000000356990000,0x0000000356a90000)]
  0x00000003330db800 JavaThread "Thread-186847" [_thread_blocked, id=55112, stack(0x0000000356890000,0x0000000356990000)]
  0x00000003330da000 JavaThread "Thread-186846" [_thread_blocked, id=55100, stack(0x0000000356490000,0x0000000356590000)]
  0x00000003330d6000 JavaThread "Thread-186845" [_thread_blocked, id=55104, stack(0x0000000356390000,0x0000000356490000)]
  0x0000000333497000 JavaThread "Thread-186842" [_thread_blocked, id=55088, stack(0x0000000355e90000,0x0000000355f90000)]
  0x0000000333496000 JavaThread "Thread-186841" [_thread_blocked, id=55072, stack(0x0000000356590000,0x0000000356690000)]
  0x0000000333493800 JavaThread "Thread-186838" [_thread_blocked, id=55076, stack(0x0000000356290000,0x0000000356390000)]
  0x000000033348f800 JavaThread "Thread-186837" [_thread_blocked, id=55060, stack(0x0000000356190000,0x0000000356290000)]
  0x000000033348d800 JavaThread "Thread-186836" [_thread_blocked, id=55056, stack(0x0000000356090000,0x0000000356190000)]
  0x00000003333a8000 JavaThread "Thread-186835" [_thread_blocked, id=55068, stack(0x0000000355f90000,0x0000000356090000)]
  0x00000003333a3000 JavaThread "Thread-186833" [_thread_blocked, id=55052, stack(0x0000000355d90000,0x0000000355e90000)]
  0x00000003333a6000 JavaThread "Thread-186832" [_thread_blocked, id=55048, stack(0x0000000355b90000,0x0000000355c90000)]
  0x00000003333a2800 JavaThread "Thread-186831" [_thread_blocked, id=55044, stack(0x0000000355890000,0x0000000355990000)]
  0x000000033339c800 JavaThread "Thread-186830" [_thread_blocked, id=55036, stack(0x0000000355990000,0x0000000355a90000)]
  0x00000003333ca800 JavaThread "Thread-186829" [_thread_blocked, id=55040, stack(0x0000000355c90000,0x0000000355d90000)]
  0x00000003333cc000 JavaThread "Thread-186828" [_thread_blocked, id=55032, stack(0x0000000355790000,0x0000000355890000)]
  0x00000003333c6000 JavaThread "Thread-186826" [_thread_blocked, id=55024, stack(0x0000000355a90000,0x0000000355b90000)]
  0x00000003333c7800 JavaThread "Thread-186822" [_thread_blocked, id=55004, stack(0x0000000355690000,0x0000000355790000)]
  0x00000003333c2800 JavaThread "Thread-186821" [_thread_blocked, id=55008, stack(0x0000000355590000,0x0000000355690000)]
  0x00000003333c5800 JavaThread "Thread-186820" [_thread_blocked, id=55012, stack(0x0000000355490000,0x0000000355590000)]
  0x00000003333c4800 JavaThread "Thread-186819" [_thread_blocked, id=54996, stack(0x0000000355390000,0x0000000355490000)]
  0x00000003333c4000 JavaThread "Thread-186818" [_thread_blocked, id=54992, stack(0x0000000355290000,0x0000000355390000)]
  0x00000003333c0800 JavaThread "Thread-186817" [_thread_blocked, id=54988, stack(0x0000000355190000,0x0000000355290000)]
  0x00000003333c1800 JavaThread "Thread-186816" [_thread_blocked, id=54984, stack(0x0000000355090000,0x0000000355190000)]
  0x00000003333c1000 JavaThread "Thread-186815" [_thread_blocked, id=54976, stack(0x0000000354c90000,0x0000000354d90000)]
  0x00000003333c3000 JavaThread "Thread-186814" [_thread_blocked, id=54980, stack(0x0000000354f90000,0x0000000355090000)]
  0x00000003333a5800 JavaThread "Thread-186813" [_thread_blocked, id=54972, stack(0x0000000354e90000,0x0000000354f90000)]
  0x00000003333a1800 JavaThread "Thread-186812" [_thread_blocked, id=54968, stack(0x0000000354a90000,0x0000000354b90000)]
  0x000000033339e000 JavaThread "Thread-186811" [_thread_blocked, id=54964, stack(0x0000000354d90000,0x0000000354e90000)]
  0x000000033339f000 JavaThread "Thread-186809" [_thread_blocked, id=54960, stack(0x0000000354b90000,0x0000000354c90000)]
  0x0000000333399000 JavaThread "Thread-186807" [_thread_blocked, id=54952, stack(0x0000000354990000,0x0000000354a90000)]
  0x000000033339c000 JavaThread "Thread-186806" [_thread_blocked, id=54944, stack(0x0000000354890000,0x0000000354990000)]
  0x0000000333400000 JavaThread "Thread-186805" [_thread_blocked, id=54940, stack(0x0000000354390000,0x0000000354490000)]
  0x00000003333fe800 JavaThread "Thread-186804" [_thread_blocked, id=54928, stack(0x0000000354790000,0x0000000354890000)]
  0x00000003333ff000 JavaThread "Thread-186803" [_thread_blocked, id=54932, stack(0x0000000354690000,0x0000000354790000)]
  0x00000003333fb800 JavaThread "Thread-186802" [_thread_blocked, id=54936, stack(0x0000000354490000,0x0000000354590000)]
  0x0000000333395800 JavaThread "Thread-186800" [_thread_blocked, id=54924, stack(0x0000000354190000,0x0000000354290000)]
  0x0000000333398800 JavaThread "Thread-186799" [_thread_blocked, id=54912, stack(0x0000000353e90000,0x0000000353f90000)]
  0x00000003333fb000 JavaThread "Thread-186798" [_thread_blocked, id=54916, stack(0x0000000353b90000,0x0000000353c90000)]
  0x00000003333fd800 JavaThread "Thread-186797" [_thread_blocked, id=54904, stack(0x0000000353a90000,0x0000000353b90000)]
  0x00000003333f9800 JavaThread "Thread-186796" [_thread_blocked, id=54908, stack(0x0000000353690000,0x0000000353790000)]
  0x00000003333fa000 JavaThread "Thread-186795" [_thread_blocked, id=54896, stack(0x0000000353890000,0x0000000353990000)]
  0x0000000333491000 JavaThread "Thread-186794" [_thread_blocked, id=54900, stack(0x0000000353790000,0x0000000353890000)]
  0x0000000333492800 JavaThread "Thread-186793" [_thread_blocked, id=54892, stack(0x0000000352f90000,0x0000000353090000)]
  0x0000000333490800 JavaThread "Thread-186791" [_thread_blocked, id=54884, stack(0x0000000353490000,0x0000000353590000)]
  0x000000033339a800 JavaThread "Thread-186789" [_thread_blocked, id=54872, stack(0x0000000354590000,0x0000000354690000)]
  0x00000003333a4800 JavaThread "Thread-186788" [_thread_blocked, id=54876, stack(0x0000000353190000,0x0000000353290000)]
  0x0000000333399800 JavaThread "Thread-186787" [_thread_blocked, id=54868, stack(0x0000000353090000,0x0000000353190000)]
  0x00000003333fc800 JavaThread "Thread-186783" [_thread_blocked, id=54852, stack(0x0000000354290000,0x0000000354390000)]
  0x00000003333a4000 JavaThread "Thread-186781" [_thread_blocked, id=54848, stack(0x0000000354090000,0x0000000354190000)]
  0x00000003333a1000 JavaThread "Thread-186780" [_thread_blocked, id=54840, stack(0x0000000353f90000,0x0000000354090000)]
  0x000000033339d800 JavaThread "Thread-186778" [_thread_blocked, id=54832, stack(0x0000000353d90000,0x0000000353e90000)]
  0x00000003333a0000 JavaThread "Thread-186777" [_thread_blocked, id=54836, stack(0x0000000353c90000,0x0000000353d90000)]
  0x000000033339f800 JavaThread "Thread-186774" [_thread_blocked, id=54808, stack(0x0000000353990000,0x0000000353a90000)]
  0x000000033339b000 JavaThread "Thread-186770" [_thread_blocked, id=54800, stack(0x0000000353590000,0x0000000353690000)]
  0x0000000333397800 JavaThread "Thread-186768" [_thread_blocked, id=54792, stack(0x0000000353390000,0x0000000353490000)]
  0x0000000333397000 JavaThread "Thread-186767" [_thread_blocked, id=54780, stack(0x0000000353290000,0x0000000353390000)]
  0x0000000333392000 JavaThread "Thread-186763" [_thread_blocked, id=54768, stack(0x0000000352e90000,0x0000000352f90000)]
  0x0000000333394800 JavaThread "Thread-186762" [_thread_blocked, id=54772, stack(0x0000000352d90000,0x0000000352e90000)]
  0x0000000333393000 JavaThread "Thread-186761" [_thread_blocked, id=54764, stack(0x0000000352890000,0x0000000352990000)]
  0x0000000333394000 JavaThread "Thread-186760" [_thread_blocked, id=54760, stack(0x0000000352c90000,0x0000000352d90000)]
  0x0000000333396000 JavaThread "Thread-186758" [_thread_blocked, id=54756, stack(0x0000000352b90000,0x0000000352c90000)]
  0x000000033338f800 JavaThread "Thread-186757" [_thread_blocked, id=54748, stack(0x0000000352a90000,0x0000000352b90000)]
  0x0000000333392800 JavaThread "Thread-186756" [_thread_blocked, id=54744, stack(0x0000000352990000,0x0000000352a90000)]
  0x0000000333391000 JavaThread "Thread-186754" [_thread_blocked, id=54728, stack(0x0000000352790000,0x0000000352890000)]
  0x000000033338b800 JavaThread "Thread-186753" [_thread_blocked, id=54736, stack(0x0000000352690000,0x0000000352790000)]
  0x000000033338d800 JavaThread "Thread-186752" [_thread_blocked, id=54732, stack(0x0000000352190000,0x0000000352290000)]
  0x000000033338c800 JavaThread "Thread-186751" [_thread_blocked, id=54720, stack(0x0000000352590000,0x0000000352690000)]
  0x000000033338c000 JavaThread "Thread-186750" [_thread_blocked, id=54724, stack(0x0000000352390000,0x0000000352490000)]
  0x0000000333383800 JavaThread "Thread-186748" [_thread_blocked, id=54712, stack(0x0000000352090000,0x0000000352190000)]
  0x0000000333390800 JavaThread "Thread-186747" [_thread_blocked, id=54708, stack(0x0000000351d90000,0x0000000351e90000)]
  0x000000033338f000 JavaThread "Thread-186745" [_thread_blocked, id=54700, stack(0x0000000352490000,0x0000000352590000)]
  0x000000033338e000 JavaThread "Thread-186743" [_thread_blocked, id=54692, stack(0x0000000352290000,0x0000000352390000)]
  0x0000000333387800 JavaThread "Thread-186740" [_thread_blocked, id=54680, stack(0x0000000351f90000,0x0000000352090000)]
  0x0000000333389000 JavaThread "Thread-186739" [_thread_blocked, id=54676, stack(0x0000000351e90000,0x0000000351f90000)]
  0x0000000333386000 JavaThread "Thread-186737" [_thread_blocked, id=54668, stack(0x0000000351c90000,0x0000000351d90000)]
  0x000000033348f000 JavaThread "Thread-186736" [_thread_blocked, id=54660, stack(0x0000000351b90000,0x0000000351c90000)]
  0x000000033348e000 JavaThread "Thread-186735" [_thread_blocked, id=54664, stack(0x0000000351a90000,0x0000000351b90000)]
  0x000000033348a000 JavaThread "Thread-186734" [_thread_blocked, id=54656, stack(0x0000000351690000,0x0000000351790000)]
  0x000000033348d000 JavaThread "Thread-186733" [_thread_blocked, id=54652, stack(0x0000000351590000,0x0000000351690000)]
  0x000000033348b800 JavaThread "Thread-186732" [_thread_blocked, id=54648, stack(0x0000000351990000,0x0000000351a90000)]
  0x00000003333fd000 JavaThread "Thread-186731" [_thread_blocked, id=54644, stack(0x0000000351890000,0x0000000351990000)]
  0x00000003333f8800 JavaThread "Thread-186730" [_thread_blocked, id=54640, stack(0x0000000351790000,0x0000000351890000)]
  0x00000003333f8000 JavaThread "Thread-186727" [_thread_blocked, id=54628, stack(0x0000000351490000,0x0000000351590000)]
  0x00000003333f4800 JavaThread "Thread-186726" [_thread_blocked, id=54624, stack(0x0000000351390000,0x0000000351490000)]
  0x00000003333f7000 JavaThread "Thread-186725" [_thread_blocked, id=54620, stack(0x0000000351290000,0x0000000351390000)]
  0x00000003333f6800 JavaThread "Thread-186724" [_thread_blocked, id=54616, stack(0x0000000350f90000,0x0000000351090000)]
  0x00000003333f5000 JavaThread "Thread-186723" [_thread_blocked, id=54612, stack(0x0000000350e90000,0x0000000350f90000)]
  0x00000003333f0000 JavaThread "Thread-186722" [_thread_blocked, id=54608, stack(0x0000000350c90000,0x0000000350d90000)]
  0x00000003330d1800 JavaThread "Thread-186721" [_thread_blocked, id=54604, stack(0x0000000350990000,0x0000000350a90000)]
  0x00000003330d5000 JavaThread "Thread-186720" [_thread_blocked, id=54600, stack(0x0000000351190000,0x0000000351290000)]
  0x00000003330d6800 JavaThread "Thread-186719" [_thread_blocked, id=54596, stack(0x0000000351090000,0x0000000351190000)]
  0x00000003330d7000 JavaThread "Thread-186718" [_thread_blocked, id=54592, stack(0x0000000350a90000,0x0000000350b90000)]
  0x000000033348c000 JavaThread "Thread-186713" [_thread_blocked, id=54580, stack(0x0000000350d90000,0x0000000350e90000)]
  0x0000000333488800 JavaThread "Thread-186711" [_thread_blocked, id=54568, stack(0x0000000350b90000,0x0000000350c90000)]
  0x000000033348a800 JavaThread "Thread-186710" [_thread_blocked, id=54564, stack(0x0000000350690000,0x0000000350790000)]
  0x0000000333487000 JavaThread "Thread-186707" [_thread_blocked, id=54556, stack(0x0000000350790000,0x0000000350890000)]
  0x00000003333f3800 JavaThread "Thread-186705" [_thread_blocked, id=54544, stack(0x0000000350890000,0x0000000350990000)]
  0x00000003333f6000 JavaThread "Thread-186704" [_thread_blocked, id=54536, stack(0x0000000350490000,0x0000000350590000)]
  0x00000003333f3000 JavaThread "Thread-186703" [_thread_blocked, id=54524, stack(0x0000000350390000,0x0000000350490000)]
  0x00000003330d4800 JavaThread "Thread-186698" [_thread_blocked, id=54512, stack(0x000000034fd90000,0x000000034fe90000)]
  0x00000003330d3000 JavaThread "Thread-186697" [_thread_blocked, id=54508, stack(0x000000034fc90000,0x000000034fd90000)]
  0x000000033338a800 JavaThread "Thread-186696" [_thread_blocked, id=54496, stack(0x000000034fe90000,0x000000034ff90000)]
  0x000000033338a000 JavaThread "Thread-186695" [_thread_blocked, id=54504, stack(0x000000034fb90000,0x000000034fc90000)]
  0x0000000333388800 JavaThread "Thread-186694" [_thread_blocked, id=54500, stack(0x0000000350590000,0x0000000350690000)]
  0x00000003333ef000 JavaThread "Thread-186691" [_thread_blocked, id=54484, stack(0x0000000350290000,0x0000000350390000)]
  0x0000000333487800 JavaThread "Thread-186690" [_thread_blocked, id=54480, stack(0x0000000350190000,0x0000000350290000)]
  0x0000000333489000 JavaThread "Thread-186689" [_thread_blocked, id=54468, stack(0x0000000350090000,0x0000000350190000)]
  0x0000000333486800 JavaThread "Thread-186688" [_thread_blocked, id=54472, stack(0x000000034ff90000,0x0000000350090000)]
  0x00000002bf8a8800 JavaThread "Thread-186683" [_thread_blocked, id=54452, stack(0x000000034fa90000,0x000000034fb90000)]
  0x00000002bf8a6800 JavaThread "Thread-186682" [_thread_blocked, id=54448, stack(0x000000034f990000,0x000000034fa90000)]
  0x00000002bf8a7800 JavaThread "Thread-186681" [_thread_blocked, id=54444, stack(0x000000034f890000,0x000000034f990000)]
  0x00000002bf8a4000 JavaThread "Thread-186680" [_thread_blocked, id=54440, stack(0x000000034f790000,0x000000034f890000)]
  0x00000002bf8a5000 JavaThread "Thread-186679" [_thread_blocked, id=54436, stack(0x000000034f690000,0x000000034f790000)]
  0x00000003330d3800 JavaThread "Thread-186678" [_thread_blocked, id=54432, stack(0x000000034f590000,0x000000034f690000)]
  0x00000003333f2000 JavaThread "Thread-186677" [_thread_blocked, id=54428, stack(0x000000034f190000,0x000000034f290000)]
  0x00000003333f1800 JavaThread "Thread-186676" [_thread_blocked, id=54424, stack(0x000000034f490000,0x000000034f590000)]
  0x00000003333f0800 JavaThread "Thread-186675" [_thread_blocked, id=54420, stack(0x000000034f390000,0x000000034f490000)]
  0x00000003333ee800 JavaThread "Thread-186674" [_thread_blocked, id=54416, stack(0x000000034f290000,0x000000034f390000)]
  0x00000003331a5000 JavaThread "Thread-186673" [_thread_blocked, id=54412, stack(0x000000034e890000,0x000000034e990000)]
  0x0000000333387000 JavaThread "Thread-186671" [_thread_blocked, id=54404, stack(0x000000034f090000,0x000000034f190000)]
  0x000000033337f800 JavaThread "Thread-186669" [_thread_blocked, id=54400, stack(0x000000034ef90000,0x000000034f090000)]
  0x0000000333385800 JavaThread "Thread-186668" [_thread_blocked, id=54392, stack(0x000000034ee90000,0x000000034ef90000)]
  0x0000000333385000 JavaThread "Thread-186667" [_thread_blocked, id=54388, stack(0x000000034ed90000,0x000000034ee90000)]
  0x0000000333381000 JavaThread "Thread-186665" [_thread_blocked, id=54372, stack(0x000000034ec90000,0x000000034ed90000)]
  0x0000000333382000 JavaThread "Thread-186663" [_thread_blocked, id=54328, stack(0x000000034eb90000,0x000000034ec90000)]
  0x000000033337e800 JavaThread "Thread-186661" [_thread_blocked, id=54308, stack(0x000000034ea90000,0x000000034eb90000)]
  0x0000000333382800 JavaThread "Thread-186660" [_thread_blocked, id=54320, stack(0x000000034e690000,0x000000034e790000)]
  0x0000000333384000 JavaThread "Thread-186659" [_thread_blocked, id=53440, stack(0x000000034e390000,0x000000034e490000)]
  0x000000033337f000 JavaThread "Thread-186657" [_thread_blocked, id=55288, stack(0x000000034e990000,0x000000034ea90000)]
  0x00000002bf8a7000 JavaThread "Thread-186654" [_thread_blocked, id=55276, stack(0x000000034e790000,0x000000034e890000)]
  0x00000002bf8a0800 JavaThread "Thread-186652" [_thread_blocked, id=55268, stack(0x000000034e590000,0x000000034e690000)]
  0x0000000333380800 JavaThread "Thread-186650" [_thread_blocked, id=55260, stack(0x000000034e490000,0x000000034e590000)]
  0x00000003330ce800 JavaThread "Thread-186649" [_thread_blocked, id=55256, stack(0x000000034e190000,0x000000034e290000)]
  0x00000003330d0800 JavaThread "Thread-186647" [_thread_blocked, id=55248, stack(0x000000034e290000,0x000000034e390000)]
  0x00000003330d2000 JavaThread "Thread-186646" [_thread_blocked, id=55244, stack(0x000000034e090000,0x000000034e190000)]
  0x00000003330cf800 JavaThread "Thread-186643" [_thread_blocked, id=55232, stack(0x000000034de90000,0x000000034df90000)]
  0x00000003330d0000 JavaThread "Thread-186642" [_thread_blocked, id=55228, stack(0x000000034df90000,0x000000034e090000)]
  0x00000003331a6000 JavaThread "Thread-186426" [_thread_blocked, id=54364, stack(0x000000034dd90000,0x000000034de90000)]
  0x00000003331a1000 JavaThread "Thread-186425" [_thread_blocked, id=54360, stack(0x000000034dc90000,0x000000034dd90000)]
  0x00000003331a2800 JavaThread "Thread-186424" [_thread_blocked, id=54356, stack(0x000000034db90000,0x000000034dc90000)]
  0x00000002bf8a3800 JavaThread "Thread-186423" [_thread_blocked, id=54352, stack(0x000000034da90000,0x000000034db90000)]
  0x00000002bf8a0000 JavaThread "Thread-186422" [_thread_blocked, id=54348, stack(0x000000034d990000,0x000000034da90000)]
  0x00000003330cc800 JavaThread "Thread-186421" [_thread_blocked, id=54344, stack(0x000000034d890000,0x000000034d990000)]
  0x00000003330cb800 JavaThread "Thread-186420" [_thread_blocked, id=54340, stack(0x000000034d490000,0x000000034d590000)]
  0x00000003330ce000 JavaThread "Thread-186419" [_thread_blocked, id=54336, stack(0x000000034cb90000,0x000000034cc90000)]
  0x00000003330cd000 JavaThread "Thread-186418" [_thread_blocked, id=54332, stack(0x000000034d390000,0x000000034d490000)]
  0x00000003330ca000 JavaThread "Thread-186416" [_thread_blocked, id=54324, stack(0x000000034d790000,0x000000034d890000)]
  0x00000003333b6800 JavaThread "Thread-186414" [_thread_blocked, id=54316, stack(0x000000034d690000,0x000000034d790000)]
  0x00000003333bb800 JavaThread "Thread-186413" [_thread_blocked, id=54312, stack(0x000000034d590000,0x000000034d690000)]
  0x00000003333b9000 JavaThread "Thread-186410" [_thread_blocked, id=54300, stack(0x000000034d290000,0x000000034d390000)]
  0x00000003333bb000 JavaThread "Thread-186409" [_thread_blocked, id=54296, stack(0x000000034d190000,0x000000034d290000)]
  0x00000003333b7800 JavaThread "Thread-186408" [_thread_blocked, id=54292, stack(0x000000034d090000,0x000000034d190000)]
  0x00000003333ba800 JavaThread "Thread-186407" [_thread_blocked, id=54288, stack(0x000000034cf90000,0x000000034d090000)]
  0x00000003333b9800 JavaThread "Thread-186406" [_thread_blocked, id=54284, stack(0x000000034ce90000,0x000000034cf90000)]
  0x00000003333b5000 JavaThread "Thread-186405" [_thread_blocked, id=54280, stack(0x000000034cd90000,0x000000034ce90000)]
  0x00000003333b8000 JavaThread "Thread-186404" [_thread_blocked, id=54276, stack(0x000000034cc90000,0x000000034cd90000)]
  0x00000003333b6000 JavaThread "Thread-186402" [_thread_blocked, id=53256, stack(0x000000034ca90000,0x000000034cb90000)]
  0x00000003333b4800 JavaThread "Thread-186401" [_thread_blocked, id=54224, stack(0x000000034c990000,0x000000034ca90000)]
  0x00000003333b2800 JavaThread "Thread-186400" [_thread_blocked, id=54184, stack(0x000000034c890000,0x000000034c990000)]
  0x00000003333b3800 JavaThread "Thread-186399" [_thread_blocked, id=54216, stack(0x000000034c790000,0x000000034c890000)]
  0x0000000333192800 JavaThread "Thread-186398" [_thread_blocked, id=54164, stack(0x000000034c690000,0x000000034c790000)]
  0x0000000333191800 JavaThread "Thread-186397" [_thread_blocked, id=54156, stack(0x000000034c590000,0x000000034c690000)]
  0x0000000333193000 JavaThread "Thread-186396" [_thread_blocked, id=54132, stack(0x000000034c490000,0x000000034c590000)]
  0x0000000333194000 JavaThread "Thread-186395" [_thread_blocked, id=54008, stack(0x000000034c390000,0x000000034c490000)]
  0x000000033318e800 JavaThread "Thread-186394" [_thread_blocked, id=53872, stack(0x000000034c290000,0x000000034c390000)]
  0x0000000333191000 JavaThread "Thread-186393" [_thread_blocked, id=53864, stack(0x000000034c190000,0x000000034c290000)]
  0x000000033318d800 JavaThread "Thread-186392" [_thread_blocked, id=53876, stack(0x000000034c090000,0x000000034c190000)]
  0x0000000333190000 JavaThread "Thread-186391" [_thread_blocked, id=53856, stack(0x000000034bf90000,0x000000034c090000)]
  0x000000033318f800 JavaThread "Thread-186390" [_thread_blocked, id=53788, stack(0x000000034be90000,0x000000034bf90000)]
  0x000000033318b000 JavaThread "Thread-186389" [_thread_blocked, id=53724, stack(0x000000034bd90000,0x000000034be90000)]
  0x000000033318e000 JavaThread "Thread-186388" [_thread_blocked, id=53712, stack(0x000000034bc90000,0x000000034bd90000)]
  0x000000033318c800 JavaThread "Thread-186387" [_thread_blocked, id=53704, stack(0x000000034bb90000,0x000000034bc90000)]
  0x000000033318c000 JavaThread "Thread-186386" [_thread_blocked, id=53696, stack(0x000000034ba90000,0x000000034bb90000)]
  0x000000033318a800 JavaThread "Thread-186385" [_thread_blocked, id=53700, stack(0x000000034b990000,0x000000034ba90000)]
  0x0000000333189800 JavaThread "Thread-186384" [_thread_blocked, id=53680, stack(0x000000034b890000,0x000000034b990000)]
  0x0000000333186000 JavaThread "Thread-186383" [_thread_blocked, id=53668, stack(0x000000034b790000,0x000000034b890000)]
  0x0000000333189000 JavaThread "Thread-186382" [_thread_blocked, id=53652, stack(0x000000034b690000,0x000000034b790000)]
  0x0000000333185800 JavaThread "Thread-186381" [_thread_blocked, id=53604, stack(0x000000034b590000,0x000000034b690000)]
  0x00000002bf8a1000 JavaThread "Thread-186380" [_thread_blocked, id=53588, stack(0x000000034b390000,0x000000034b490000)]
  0x00000003333b3000 JavaThread "Thread-186379" [_thread_blocked, id=53580, stack(0x000000034b490000,0x000000034b590000)]
  0x00000003333b0000 JavaThread "Thread-186378" [_thread_blocked, id=53492, stack(0x000000034ac90000,0x000000034ad90000)]
  0x00000003333ae000 JavaThread "Thread-186376" [_thread_blocked, id=53352, stack(0x000000034b290000,0x000000034b390000)]
  0x00000003333ae800 JavaThread "Thread-186374" [_thread_blocked, id=54260, stack(0x000000034b190000,0x000000034b290000)]
  0x00000003333af800 JavaThread "Thread-186373" [_thread_blocked, id=54256, stack(0x000000034b090000,0x000000034b190000)]
  0x00000003330c9800 JavaThread "Thread-186372" [_thread_blocked, id=54240, stack(0x000000034af90000,0x000000034b090000)]
  0x00000003330cb000 JavaThread "Thread-186371" [_thread_blocked, id=54236, stack(0x000000034ae90000,0x000000034af90000)]
  0x00000003330c7800 JavaThread "Thread-186369" [_thread_blocked, id=54204, stack(0x000000034aa90000,0x000000034ab90000)]
  0x00000003330c6800 JavaThread "Thread-186366" [_thread_blocked, id=54180, stack(0x000000034ad90000,0x000000034ae90000)]
  0x00000003333b1800 JavaThread "Thread-186363" [_thread_blocked, id=54148, stack(0x000000034ab90000,0x000000034ac90000)]
  0x00000003333b1000 JavaThread "Thread-186361" [_thread_blocked, id=54112, stack(0x000000034a990000,0x000000034aa90000)]
  0x00000003333ac800 JavaThread "Thread-186360" [_thread_blocked, id=54108, stack(0x000000034a890000,0x000000034a990000)]
  0x0000000333187000 JavaThread "Thread-186359" [_thread_blocked, id=54092, stack(0x000000034a790000,0x000000034a890000)]
  0x0000000333188000 JavaThread "Thread-186358" [_thread_blocked, id=54068, stack(0x000000034a690000,0x000000034a790000)]
  0x0000000333187800 JavaThread "Thread-186357" [_thread_blocked, id=54048, stack(0x000000034a590000,0x000000034a690000)]
  0x00000002bf8a2800 JavaThread "Thread-186356" [_thread_blocked, id=54040, stack(0x000000034a290000,0x000000034a390000)]
  0x00000002bf8a2000 JavaThread "Thread-186355" [_thread_blocked, id=54036, stack(0x000000034a490000,0x000000034a590000)]
  0x00000003333ad000 JavaThread "Thread-186354" [_thread_blocked, id=54012, stack(0x000000034a390000,0x000000034a490000)]
  0x00000003331d9000 JavaThread "Thread-186352" [_thread_blocked, id=54000, stack(0x000000034a190000,0x000000034a290000)]
  0x00000003331d8800 JavaThread "Thread-186351" [_thread_blocked, id=53992, stack(0x000000034a090000,0x000000034a190000)]
  0x00000003331d4800 JavaThread "Thread-186350" [_thread_blocked, id=53996, stack(0x0000000349f90000,0x000000034a090000)]
  0x00000003331d7800 JavaThread "Thread-186349" [_thread_blocked, id=53980, stack(0x0000000349e90000,0x0000000349f90000)]
  0x00000003331d5800 JavaThread "Thread-186348" [_thread_blocked, id=53976, stack(0x0000000349d90000,0x0000000349e90000)]
  0x00000003331d6000 JavaThread "Thread-186347" [_thread_blocked, id=53964, stack(0x0000000349c90000,0x0000000349d90000)]
  0x00000003331d7000 JavaThread "Thread-186346" [_thread_blocked, id=53952, stack(0x0000000349b90000,0x0000000349c90000)]
  0x00000003331d1000 JavaThread "Thread-186345" [_thread_blocked, id=53944, stack(0x0000000349a90000,0x0000000349b90000)]
  0x00000003331cd800 JavaThread "Thread-186344" [_thread_blocked, id=53928, stack(0x0000000349990000,0x0000000349a90000)]
  0x0000000333181800 JavaThread "Thread-186343" [_thread_blocked, id=53924, stack(0x0000000349890000,0x0000000349990000)]
  0x0000000333184000 JavaThread "Thread-186342" [_thread_blocked, id=53916, stack(0x0000000349790000,0x0000000349890000)]
  0x0000000333184800 JavaThread "Thread-186341" [_thread_blocked, id=53884, stack(0x0000000349590000,0x0000000349690000)]
  0x0000000333181000 JavaThread "Thread-186340" [_thread_blocked, id=53880, stack(0x0000000349390000,0x0000000349490000)]
  0x0000000333183000 JavaThread "Thread-186339" [_thread_blocked, id=53888, stack(0x0000000349090000,0x0000000349190000)]
  0x000000033317f800 JavaThread "Thread-186338" [_thread_blocked, id=53892, stack(0x0000000349690000,0x0000000349790000)]
  0x0000000333182800 JavaThread "Thread-186336" [_thread_blocked, id=53868, stack(0x0000000349490000,0x0000000349590000)]
  0x00000003331d4000 JavaThread "Thread-186333" [_thread_blocked, id=53860, stack(0x0000000349290000,0x0000000349390000)]
  0x00000003331d3800 JavaThread "Thread-186332" [_thread_blocked, id=53852, stack(0x0000000349190000,0x0000000349290000)]
  0x0000000333180800 JavaThread "Thread-186330" [_thread_blocked, id=53848, stack(0x0000000348f90000,0x0000000349090000)]
  0x000000033317c800 JavaThread "Thread-186329" [_thread_blocked, id=53844, stack(0x0000000348e90000,0x0000000348f90000)]
  0x00000002bf89f000 JavaThread "Thread-186328" [_thread_blocked, id=53840, stack(0x0000000348d90000,0x0000000348e90000)]
  0x00000002bf89d000 JavaThread "Thread-186327" [_thread_blocked, id=53832, stack(0x0000000348c90000,0x0000000348d90000)]
  0x00000002bf89d800 JavaThread "Thread-186326" [_thread_blocked, id=53836, stack(0x0000000348b90000,0x0000000348c90000)]
  0x00000002bf89e800 JavaThread "Thread-186325" [_thread_blocked, id=53828, stack(0x0000000348a90000,0x0000000348b90000)]
  0x00000002bf89c000 JavaThread "Thread-186324" [_thread_blocked, id=53824, stack(0x0000000348990000,0x0000000348a90000)]
  0x000000033317f000 JavaThread "Thread-186323" [_thread_blocked, id=53820, stack(0x0000000348890000,0x0000000348990000)]
  0x000000033317d800 JavaThread "Thread-186322" [_thread_blocked, id=53816, stack(0x0000000348790000,0x0000000348890000)]
  0x000000033317e000 JavaThread "Thread-186321" [_thread_blocked, id=53812, stack(0x0000000348690000,0x0000000348790000)]
  0x000000033317b000 JavaThread "Thread-186320" [_thread_blocked, id=53808, stack(0x0000000348590000,0x0000000348690000)]
  0x000000033317a800 JavaThread "Thread-186319" [_thread_blocked, id=53804, stack(0x0000000348490000,0x0000000348590000)]
  0x0000000333179000 JavaThread "Thread-186318" [_thread_blocked, id=53792, stack(0x0000000348190000,0x0000000348290000)]
  0x00000003331d2000 JavaThread "Thread-186317" [_thread_blocked, id=53796, stack(0x0000000348390000,0x0000000348490000)]
  0x00000003331d2800 JavaThread "Thread-186316" [_thread_blocked, id=53784, stack(0x0000000348290000,0x0000000348390000)]
  0x00000003331cf000 JavaThread "Thread-186314" [_thread_blocked, id=53800, stack(0x0000000348090000,0x0000000348190000)]
  0x00000003331ce000 JavaThread "Thread-186313" [_thread_blocked, id=53780, stack(0x0000000347f90000,0x0000000348090000)]
  0x00000003331cb800 JavaThread "Thread-186312" [_thread_blocked, id=53772, stack(0x0000000347e90000,0x0000000347f90000)]
  0x000000033317c000 JavaThread "Thread-186311" [_thread_blocked, id=53776, stack(0x0000000347d90000,0x0000000347e90000)]
  0x0000000333177000 JavaThread "Thread-186310" [_thread_blocked, id=53768, stack(0x0000000347c90000,0x0000000347d90000)]
  0x0000000333178800 JavaThread "Thread-186309" [_thread_blocked, id=53764, stack(0x0000000347b90000,0x0000000347c90000)]
  0x000000033317a000 JavaThread "Thread-186308" [_thread_blocked, id=53760, stack(0x0000000347a90000,0x0000000347b90000)]
  0x0000000333174800 JavaThread "Thread-186307" [_thread_blocked, id=53756, stack(0x0000000347990000,0x0000000347a90000)]
  0x0000000333175800 JavaThread "Thread-186306" [_thread_blocked, id=53752, stack(0x0000000347890000,0x0000000347990000)]
  0x00000003330c8000 JavaThread "Thread-186305" [_thread_blocked, id=53744, stack(0x0000000347790000,0x0000000347890000)]
  0x00000003330c9000 JavaThread "Thread-186304" [_thread_blocked, id=53748, stack(0x0000000347690000,0x0000000347790000)]
  0x00000003330c3800 JavaThread "Thread-186303" [